    30208/  4 | 0
    30208/  4 | 0
    30208/  4 | 0
    30209/  4 | 0
    30209/  4 | 0
    30209/  4 | 0
    30209/  4 | 0
    30209/  4 | 0
    30210/  4 | 0
    30210/  4 | 0
    30210/  4 | 0
    30210/  4 | 0
    30210/  4 | 0
    30211/  4 | 0
    30211/  4 | 0
    30211/  4 | 0
    30211/  4 | 0
    30211/  4 | 0
    30212/  4 | 0
    30212/  4 | 0
    30212/  4 | 0
    30212/  4 | 0
    30212/  4 | 0
    30213/  4 | 0
    30213/  4 | 0
    30213/  4 | 0
    30213/  4 | 0
    30213/  4 | 0
    30214/  4 | 0
    30214/  4 | 0
    30214/  4 | 0
    30214/  4 | 0
    30214/  4 | 0
    30214/  4 | 0
    30215/  4 | 0
    30215/  4 | 0
    30215/  4 | 0
    30215/  4 | 0
    30215/  4 | 0
    30216/  4 | 0
    30216/  4 | 0
    30216/  4 | 0
    30216/  4 | 0
    30216/  4 | 0
    30217/  4 | 0
    30217/  4 | 0
    30217/  4 | 0
    30217/  4 | 0
    30217/  4 | 0
    30218/  4 | 0
    30218/  4 | 0
    30218/  4 | 0
    30218/  4 | 0
    30218/  4 | 0
    30219/  4 | 0
    30219/  4 | 0
    30219/  4 | 0
    30219/  4 | 0
    30219/  4 | 0
    30220/  4 | 0
    30220/  4 | 0
    30220/  4 | 0
    30220/  4 | 0
    30220/  4 | 0
    30221/  4 | 0
    30221/  4 | 0
    30221/  4 | 0
    30221/  4 | 0
    30221/  4 | 0
    30221/  4 | 0
    30222/  4 | 0
    30222/  4 | 0
    30222/  4 | 0
    30222/  4 | 0
    30222/  4 | 0
    30223/  4 | 0
    30223/  4 | 0
    30223/  4 | 0
    30223/  4 | 0
    30223/  4 | 0
    30224/  4 | 0
    30224/  4 | 0
    30224/  4 | 0
    30224/  4 | 0
    30224/  4 | 0
    30225/  4 | 0
    30225/  4 | 0
    30225/  4 | 0
    30225/  4 | 0
    30225/  4 | 32767
    30226/  4 | 32767
    30226/  4 | 32767
    30226/  4 | 32767
    30226/  4 | 32767
    30226/  4 | 32767
    30227/  4 | 32767
    30227/  4 | 32767
    30227/  4 | 32767
    30227/  4 | 32767
    30228/  4 | 32767
    30228/  4 | 32767
    30228/  4 | 32767
    30228/  4 | 32767
    30229/  4 | 32767
    30229/  4 | 32767
    30229/  4 | 32767
    30229/  4 | 32767
    30230/  4 | 32767
    30230/  4 | 32767
    30230/  4 | 32767
    30230/  4 | 32767
    30231/  4 | 32767
    30231/  4 | 32767
    30231/  4 | 32767
    30231/  4 | 32767
    30231/  4 | 32767
    30232/  4 | 32767
    30232/  4 | 32767
    30232/  4 | 32767
    30232/  4 | 32767
    30233/  4 | 32767
    30233/  4 | 32767
    30233/  4 | 32767
    30233/  4 | 32767
    30234/  4 | 32767
    30234/  4 | 32767
    30234/  4 | 32767
    30234/  4 | 32767
    30235/  4 | 32767
    30235/  4 | 32767
    30235/  4 | 32767
    30235/  4 | 32767
    30235/  4 | 32767
    30236/  4 | 32767
    30236/  4 | 32767
    30236/  4 | 32767
    30236/  4 | 32767
    30237/  4 | 32767
    30237/  4 | 32767
    30237/  4 | 32767
    30237/  4 | 32767
    30238/  4 | 32767
    30238/  4 | 32767
    30238/  4 | 32767
    30238/  4 | 32767
    30239/  4 | 32767
    30239/  4 | 32767
    30239/  4 | 32767
    30239/  4 | 32767
    30240/  4 | 32767
    30240/  4 | 32767
    30240/  4 | 32767
    30240/  4 | 32767
    30240/  4 | 32767
    30241/  4 | 32767
    30241/  4 | 32767
    30241/  4 | 32767
    30241/  4 | 32767
    30242/  4 | 32767
    30242/  4 | 32767
    30242/  4 | 32767
    30242/  4 | 32767
    30243/  4 | 32767
    30243/  4 | 32767
    30243/  4 | 32767
    30243/  4 | 32767
    30244/  4 | 32767
    30244/  4 | 32767
    30244/  4 | 32767
    30244/  4 | 32767
    30245/  4 | 32767
    30245/  4 | 32767
    30245/  4 | 32767
    30245/  4 | 32767
    30245/  4 | 32767
    30246/  4 | 32767
    30246/  4 | 32767
    30246/  4 | 32767
    30246/  4 | 32767
    30247/  4 | 32767
    30247/  4 | 32767
    30247/  4 | 32767
    30247/  4 | 32767
    30248/  4 | 32767
    30248/  4 | 32767
    30248/  4 | 32767
    30248/  4 | 32767
    30249/  4 | 32767
    30249/  4 | 32767
    30249/  4 | 32767
    30249/  4 | 32767
    30250/  4 | 32767
    30250/  4 | 32767
    30250/  4 | 32767
    30250/  4 | 32767
    30251/  4 | 32767
    30251/  4 | 32767
    30251/  4 | 32767
    30251/  4 | 32767
    30251/  4 | 32767
    30252/  4 | 32767
    30252/  4 | 32767
    30252/  4 | 32767
    30252/  4 | 32767
    30253/  4 | 32767
    30253/  4 | 32767
    30253/  4 | 32767
    30253/  4 | 32767
    30254/  4 | 32767
    30254/  4 | 32767
    30254/  4 | 32767
    30254/  4 | 32767
    30255/  4 | 32767
    30255/  4 | 32767
    30255/  4 | 32767
    30255/  4 | 32767
    30255/  4 | 32767
    30256/  4 | 32767
    30256/  4 | 32767
    30256/  4 | 32767
    30256/  4 | 32767
    30257/  4 | 32767
    30257/  4 | 32767
    30257/  4 | 32767
    30257/  4 | 32767
    30258/  4 | 32767
    30258/  4 | 32767
    30258/  4 | 32767
    30258/  4 | 32767
    30259/  4 | 32767
    30259/  4 | 32767
    30259/  4 | 32767
    30259/  4 | 32767
    30260/  4 | 32767
    30260/  4 | 32767
    30260/  4 | 32767
    30260/  4 | 32767
    30260/  4 | 32767
    30261/  4 | 32767
    30261/  4 | 32767
    30261/  4 | 32767
    30261/  4 | 32767
    30262/  4 | 32767
    30262/  4 | 32767
    30262/  4 | 32767
    30262/  4 | 32767
    30263/  4 | 24240
    30263/  4 | 24240
    30263/  4 | 24240
    30263/  4 | 24240
    30264/  4 | 24240
    30264/  4 | 24240
    30264/  4 | 24240
    30264/  4 | 24240
    30264/  4 | 24240
    30265/  4 | 24240
    30265/  4 | 24240
    30265/  4 | 24240
    30265/  4 | 24240
    30266/  4 | 24240
    30266/  4 | 24240
    30266/  4 | 24240
    30266/  4 | 24240
    30267/  4 | 24240
    30267/  4 | 24240
    30267/  4 | 24240
    30267/  4 | 24240
    30268/  4 | 24240
    30268/  4 | 24240
    30268/  4 | 24240
    30268/  4 | 24240
    30269/  4 | 24240
    30269/  4 | 24240
    30269/  4 | 24240
    30269/  4 | 24240
    30269/  4 | 24240
    30270/  4 | 24240
    30270/  4 | 24240
    30270/  4 | 24240
    30270/  4 | 24240
    30271/  4 | 24240
    30271/  4 | 24240
    30271/  4 | 24240
    30271/  4 | 24240
    30272/  4 | 24240
    30272/  4 | 24240
    30272/  4 | 24240
    30272/  4 | 24240
    30273/  4 | 24240
    30273/  4 | 24240
    30273/  4 | 24240
    30273/  4 | 24240
    30273/  4 | 24240
    30274/  4 | 24240
    30274/  4 | 24240
    30274/  4 | 24240
    30274/  4 | 24240
    30275/  4 | 24240
    30275/  4 | 24240
    30275/  4 | 24240
    30275/  4 | 24240
    30276/  4 | 24240
    30276/  4 | 24240
    30276/  4 | 24240
    30276/  4 | 24240
    30277/  4 | 24240
    30277/  4 | 24240
    30277/  4 | 24240
    30277/  4 | 24240
    30278/  4 | 24240
    30278/  4 | 24240
    30278/  4 | 24240
    30278/  4 | 24240
    30278/  4 | 24240
    30279/  4 | 24240
    30279/  4 | 24240
    30279/  4 | 24240
    30279/  4 | 24240
    30280/  4 | 24240
    30280/  4 | 24240
    30280/  4 | 24240
    30280/  4 | 24240
    30281/  4 | 24240
    30281/  4 | 24240
    30281/  4 | 24240
    30281/  4 | 24240
    30282/  4 | 24240
    30282/  4 | 24240
    30282/  4 | 24240
    30282/  4 | 24240
    30282/  4 | 24240
    30283/  4 | 24240
    30283/  4 | 24240
    30283/  4 | 24240
    30283/  4 | 24240
    30284/  4 | 24240
    30284/  4 | 24240
    30284/  4 | 24240
    30284/  4 | 24240
    30285/  4 | 24240
    30285/  4 | 24240
    30285/  4 | 24240
    30285/  4 | 24240
    30286/  4 | 24240
    30286/  4 | 24240
    30286/  4 | 24240
    30286/  4 | 24240
    30287/  4 | 24240
    30287/  4 | 24240
    30287/  4 | 24240
    30287/  4 | 24240
    30287/  4 | 24240
    30288/  4 | 24240
    30288/  4 | 24240
    30288/  4 | 24240
    30288/  4 | 24240
    30289/  4 | 24240
    30289/  4 | 24240
    30289/  4 | 24240
    30289/  4 | 24240
    30290/  4 | 24240
    30290/  4 | 24240
    30290/  4 | 24240
    30290/  4 | 24240
    30291/  4 | 24240
    30291/  4 | 24240
    30291/  4 | 24240
    30291/  4 | 24240
    30291/  4 | 24240
    30292/  4 | 24240
    30292/  4 | 24240
    30292/  4 | 24240
    30292/  4 | 24240
    30293/  4 | 24240
    30293/  4 | 24240
    30293/  4 | 24240
    30293/  4 | 24240
    30294/  4 | 24240
    30294/  4 | 24240
    30294/  4 | 24240
    30294/  4 | 24240
    30295/  4 | 24240
    30295/  4 | 24240
    30295/  4 | 24240
    30295/  4 | 24240
    30296/  4 | 24240
    30296/  4 | 24240
    30296/  4 | 24240
    30296/  4 | 24240
    30296/  4 | 24240
    30297/  4 | 24240
    30297/  4 | 24240
    30297/  4 | 24240
    30297/  4 | 24240
    30298/  4 | 24240
    30298/  4 | 24240
    30298/  4 | 24240
    30298/  4 | 24240
    30299/  4 | 24240
    30299/  4 | 24240
    30299/  4 | 24240
    30299/  4 | 24240
    30300/  4 | 24240
    30300/  4 | 24240
    30300/  4 | 12688
    30300/  4 | 12688
    30301/  4 | 12688
    30301/  4 | 12688
    30301/  4 | 12688
    30301/  4 | 12688
    30301/  4 | 12688
    30302/  4 | 12688
    30302/  4 | 12688
    30302/  4 | 12688
    30302/  4 | 12688
    30303/  4 | 12688
    30303/  4 | 12688
    30303/  4 | 12688
    30303/  4 | 12688
    30304/  4 | 12688
    30304/  4 | 12688
    30304/  4 | 12688
    30304/  4 | 12688
    30305/  4 | 12688
    30305/  4 | 12688
    30305/  4 | 12688
    30305/  4 | 12688
    30305/  4 | 12688
    30306/  4 | 12688
    30306/  4 | 12688
    30306/  4 | 12688
    30306/  4 | 12688
    30307/  4 | 12688
    30307/  4 | 12688
    30307/  4 | 12688
    30307/  4 | 12688
    30308/  4 | 12688
    30308/  4 | 12688
    30308/  4 | 12688
    30308/  4 | 12688
    30309/  4 | 12688
    30309/  4 | 12688
    30309/  4 | 12688
    30309/  4 | 12688
    30310/  4 | 12688
    30310/  4 | 12688
    30310/  4 | 12688
    30310/  4 | 12688
    30310/  4 | 12688
    30311/  4 | 12688
    30311/  4 | 12688
    30311/  4 | 12688
    30311/  4 | 12688
    30312/  4 | 12688
    30312/  4 | 12688
    30312/  4 | 12688
    30312/  4 | 12688
    30313/  4 | 12688
    30313/  4 | 12688
    30313/  4 | 12688
    30313/  4 | 12688
    30314/  4 | 12688
    30314/  4 | 12688
    30314/  4 | 12688
    30314/  4 | 12688
    30314/  4 | 12688
    30315/  4 | 12688
    30315/  4 | 12688
    30315/  4 | 12688
    30315/  4 | 12688
    30316/  4 | 12688
    30316/  4 | 12688
    30316/  4 | 12688
    30316/  4 | 12688
    30317/  4 | 12688
    30317/  4 | 12688
    30317/  4 | 12688
    30317/  4 | 12688
    30318/  4 | 12688
    30318/  4 | 12688
    30322/  4 | 0
    30322/  4 | 0
    30322/  4 | 0
    30322/  4 | 0
    30323/  4 | 0
    30323/  4 | 0
    30323/  4 | 0
    30323/  4 | 0
    30323/  4 | 0
    30324/  4 | 0
    30324/  4 | 0
    30324/  4 | 0
    30324/  4 | 0
    30324/  4 | 0
    30325/  4 | 0
    30325/  4 | 0
    30325/  4 | 0
    30325/  4 | 0
    30325/  4 | 0
    30325/  4 | 0
    30326/  4 | 0
    30326/  4 | 0
    30326/  4 | 0
    30326/  4 | 0
    30326/  4 | 0
    30327/  4 | 0
    30327/  4 | 0
    30327/  4 | 0
    30327/  4 | 0
    30327/  4 | 0
    30328/  4 | 0
    30328/  4 | 0
    30328/  4 | 0
    30328/  4 | 0
    30328/  4 | 0
    30329/  4 | 0
    30329/  4 | 0
    30329/  4 | 0
    30329/  4 | 0
    30329/  4 | 0
    30330/  4 | 0
    30330/  4 | 0
    30330/  4 | 0
    30330/  4 | 0
    30330/  4 | 0
    30331/  4 | 0
    30331/  4 | 0
    30331/  4 | 0
    30331/  4 | 0
    30331/  4 | 0
    30331/  4 | 0
    30332/  4 | 0
    30332/  4 | 0
    30332/  4 | 0
    30332/  4 | 0
    30332/  4 | 0
    30333/  4 | 0
    30333/  4 | 0
    30333/  4 | 0
    30333/  4 | 0
    30333/  4 | 0
    30334/  4 | 0
    30334/  4 | 0
    30334/  4 | 0
    30334/  4 | 0
    30334/  4 | 0
    30335/  4 | 0
    30335/  4 | 0
    30335/  4 | 0
    30335/  4 | 0
    30335/  4 | 0
    30336/  4 | 0
    30336/  4 | 0
    30336/  4 | 0
    30336/  4 | 0
    30336/  4 | 0
    30337/  4 | 0
    30337/  4 | 0
    30337/  4 | 0
    30337/  4 | 0
    30337/  4 | 7177
    30337/  4 | 7177
    30338/  4 | 7177
    30338/  4 | 7177
    30338/  4 | 7177
    30338/  4 | 7177
    30339/  4 | 7177
    30339/  4 | 7177
    30339/  4 | 7177
    30339/  4 | 7177
    30340/  4 | 7177
    30340/  4 | 7177
    30340/  4 | 7177
    30340/  4 | 7177
    30340/  4 | 7177
    30341/  4 | 7177
    30341/  4 | 7177
    30341/  4 | 7177
    30341/  4 | 7177
    30342/  4 | 7177
    30342/  4 | 7177
    30342/  4 | 7177
    30342/  4 | 7177
    30342/  4 | 7177
    30343/  4 | 7177
    30343/  4 | 7177
    30343/  4 | 7177
    30343/  4 | 7177
    30344/  4 | 7177
    30344/  4 | 7177
    30344/  4 | 7177
    30344/  4 | 7177
    30345/  4 | 7177
    30345/  4 | 7177
    30345/  4 | 7177
    30345/  4 | 7177
    30345/  4 | 7177
    30346/  4 | 7177
    30346/  4 | 7177
    30346/  4 | 7177
    30346/  4 | 7177
    30347/  4 | 7177
    30347/  4 | 7177
    30347/  4 | 7177
    30347/  4 | 7177
    30347/  4 | 7177
    30348/  4 | 7177
    30348/  4 | 7177
    30348/  4 | 7177
    30348/  4 | 7177
    30349/  4 | 7177
    30349/  4 | 7177
    30349/  4 | 7177
    30349/  4 | 7177
    30349/  4 | 7177
    30350/  4 | 7177
    30350/  4 | 7177
    30350/  4 | 7177
    30350/  4 | 7177
    30351/  4 | 7177
    30351/  4 | 7177
    30351/  4 | 7177
    30351/  4 | 7177
    30352/  4 | 7177
    30352/  4 | 7177
    30352/  4 | 7177
    30352/  4 | 7177
    30352/  4 | 7177
    30353/  4 | 7177
    30353/  4 | 7177
    30353/  4 | 7177
    30353/  4 | 7177
    30354/  4 | 7177
    30354/  4 | 7177
    30354/  4 | 7177
    30354/  4 | 7177
    30354/  4 | 7177
    30355/  4 | 7177
    30355/  4 | 7177
    30355/  4 | 7177
    30355/  4 | 7177
    30356/  4 | 7177
    30356/  4 | 7177
    30356/  4 | 7177
    30356/  4 | 7177
    30356/  4 | 7177
    30357/  4 | 7177
    30357/  4 | 7177
    30357/  4 | 7177
    30357/  4 | 7177
    30358/  4 | 7177
    30358/  4 | 7177
    30358/  4 | 7177
    30358/  4 | 7177
    30359/  4 | 7177
    30359/  4 | 7177
    30359/  4 | 7177
    30359/  4 | 7177
    30359/  4 | 7177
    30360/  4 | 7177
    30360/  4 | 7177
    30360/  4 | 7177
    30360/  4 | 7177
    30361/  4 | 7177
    30361/  4 | 7177
    30361/  4 | 7177
    30361/  4 | 7177
    30361/  4 | 7177
    30362/  4 | 7177
    30362/  4 | 7177
    30362/  4 | 7177
    30362/  4 | 7177
    30363/  4 | 7177
    30363/  4 | 7177
    30363/  4 | 7177
    30363/  4 | 7177
    30364/  4 | 7177
    30364/  4 | 7177
    30364/  4 | 7177
    30364/  4 | 7177
    30364/  4 | 7177
    30365/  4 | 7177
    30365/  4 | 7177
    30365/  4 | 7177
    30365/  4 | 7177
    30366/  4 | 7177
    30366/  4 | 7177
    30366/  4 | 7177
    30366/  4 | 7177
    30366/  4 | 7177
    30367/  4 | 7177
    30367/  4 | 7177
    30367/  4 | 7177
    30367/  4 | 7177
    30368/  4 | 7177
    30368/  4 | 7177
    30368/  4 | 7177
    30368/  4 | 7177
    30368/  4 | 7177
    30369/  4 | 7177
    30369/  4 | 7177
    30369/  4 | 7177
    30369/  4 | 7177
    30370/  4 | 7177
    30370/  4 | 7177
    30370/  4 | 7177
    30370/  4 | 7177
    30371/  4 | 7177
    30371/  4 | 7177
    30371/  4 | 7177
    30371/  4 | 7177
    30371/  4 | 7177
    30372/  4 | 7177
    30372/  4 | 7177
    30372/  4 | 7177
    30372/  4 | 7177
    30373/  4 | 7177
    30373/  4 | 7177
    30373/  4 | 7177
    30373/  4 | 7177
    30373/  4 | 7177
    30374/  4 | 7177
    30374/  4 | 7177
    30374/  4 | 7177
    30374/  4 | 7177
    30375/  4 | 4497
    30375/  4 | 4497
    30375/  4 | 4497
    30375/  4 | 4497
    30375/  4 | 4497
    30376/  4 | 4497
    30376/  4 | 4497
    30376/  4 | 4497
    30376/  4 | 4497
    30377/  4 | 4497
    30377/  4 | 4497
    30377/  4 | 4497
    30377/  4 | 4497
    30378/  4 | 4497
    30378/  4 | 4497
    30378/  4 | 4497
    30378/  4 | 4497
    30378/  4 | 4497
    30379/  4 | 4497
    30379/  4 | 4497
    30379/  4 | 4497
    30379/  4 | 4497
    30380/  4 | 4497
    30380/  4 | 4497
    30380/  4 | 4497
    30380/  4 | 4497
    30380/  4 | 4497
    30381/  4 | 4497
    30381/  4 | 4497
    30381/  4 | 4497
    30381/  4 | 4497
    30382/  4 | 4497
    30382/  4 | 4497
    30382/  4 | 4497
    30382/  4 | 4497
    30383/  4 | 4497
    30383/  4 | 4497
    30383/  4 | 4497
    30383/  4 | 4497
    30383/  4 | 4497
    30384/  4 | 4497
    30384/  4 | 4497
    30384/  4 | 4497
    30384/  4 | 4497
    30385/  4 | 4497
    30385/  4 | 4497
    30385/  4 | 4497
    30385/  4 | 4497
    30385/  4 | 4497
    30386/  4 | 4497
    30386/  4 | 4497
    30386/  4 | 4497
    30386/  4 | 4497
    30387/  4 | 4497
    30387/  4 | 4497
    30387/  4 | 4497
    30387/  4 | 4497
    30387/  4 | 4497
    30388/  4 | 4497
    30388/  4 | 4497
    30388/  4 | 4497
    30388/  4 | 4497
    30389/  4 | 4497
    30389/  4 | 4497
    30389/  4 | 4497
    30389/  4 | 4497
    30390/  4 | 4497
    30390/  4 | 4497
    30390/  4 | 4497
    30390/  4 | 4497
    30390/  4 | 4497
    30391/  4 | 4497
    30391/  4 | 4497
    30391/  4 | 4497
    30391/  4 | 4497
    30392/  4 | 4497
    30392/  4 | 4497
    30392/  4 | 4497
    30392/  4 | 4497
    30392/  4 | 4497
    30393/  4 | 4497
    30393/  4 | 4497
    30393/  4 | 4497
    30393/  4 | 4497
    30394/  4 | 4497
    30394/  4 | 4497
    30394/  4 | 4497
    30394/  4 | 4497
    30394/  4 | 4497
    30395/  4 | 4497
    30395/  4 | 4497
    30395/  4 | 4497
    30395/  4 | 4497
    30396/  4 | 4497
    30396/  4 | 4497
    30396/  4 | 4497
    30396/  4 | 4497
    30397/  4 | 4497
    30397/  4 | 4497
    30397/  4 | 4497
    30397/  4 | 4497
    30397/  4 | 4497
    30398/  4 | 4497
    30398/  4 | 4497
    30398/  4 | 4497
    30398/  4 | 4497
    30399/  4 | 4497
    30399/  4 | 4497
    30399/  4 | 4497
    30399/  4 | 4497
    30399/  4 | 4497
    30400/  4 | 4497
    30400/  4 | 4497
    30400/  4 | 4497
    30400/  4 | 4497
    30401/  4 | 4497
    30401/  4 | 4497
    30401/  4 | 4497
    30401/  4 | 4497
    30402/  4 | 4497
    30402/  4 | 4497
    30402/  4 | 4497
    30402/  4 | 4497
    30402/  4 | 4497
    30403/  4 | 4497
    30403/  4 | 4497
    30403/  4 | 4497
    30403/  4 | 4497
    30404/  4 | 4497
    30404/  4 | 4497
    30404/  4 | 4497
    30404/  4 | 4497
    30404/  4 | 4497
    30405/  4 | 4497
    30405/  4 | 4497
    30405/  4 | 4497
    30405/  4 | 4497
    30406/  4 | 4497
    30406/  4 | 4497
    30406/  4 | 4497
    30406/  4 | 4497
    30406/  4 | 4497
    30407/  4 | 4497
    30407/  4 | 4497
    30407/  4 | 4497
    30407/  4 | 4497
    30408/  4 | 4497
    30408/  4 | 4497
    30408/  4 | 4497
    30408/  4 | 4497
    30409/  4 | 4497
    30409/  4 | 4497
    30409/  4 | 4497
    30409/  4 | 4497
    30409/  4 | 4497
    30410/  4 | 4497
    30410/  4 | 4497
    30410/  4 | 4497
    30410/  4 | 4497
    30411/  4 | 4497
    30411/  4 | 4497
    30411/  4 | 4497
    30411/  4 | 4497
    30411/  4 | 4497
    30412/  4 | 4497
    30412/  4 | 4497
    30412/  4 | 3210
    30412/  4 | 3210
    30413/  4 | 3210
    30413/  4 | 3210
    30413/  4 | 3210
    30413/  4 | 3210
    30413/  4 | 3210
    30414/  4 | 3210
    30414/  4 | 3210
    30414/  4 | 3210
    30414/  4 | 3210
    30415/  4 | 3210
    30415/  4 | 3210
    30415/  4 | 3210
    30415/  4 | 3210
    30416/  4 | 3210
    30416/  4 | 3210
    30416/  4 | 3210
    30416/  4 | 3210
    30416/  4 | 3210
    30417/  4 | 3210
    30417/  4 | 3210
    30417/  4 | 3210
    30417/  4 | 3210
    30418/  4 | 3210
    30418/  4 | 3210
    30418/  4 | 3210
    30418/  4 | 3210
    30418/  4 | 3210
    30419/  4 | 3210
    30419/  4 | 3210
    30419/  4 | 3210
    30419/  4 | 3210
    30420/  4 | 3210
    30420/  4 | 3210
    30420/  4 | 3210
    30420/  4 | 3210
    30421/  4 | 3210
    30421/  4 | 3210
    30421/  4 | 3210
    30421/  4 | 3210
    30421/  4 | 3210
    30422/  4 | 3210
    30422/  4 | 3210
    30422/  4 | 3210
    30422/  4 | 3210
    30423/  4 | 3210
    30423/  4 | 3210
    30423/  4 | 3210
    30423/  4 | 3210
    30423/  4 | 3210
    30424/  4 | 3210
    30424/  4 | 3210
    30424/  4 | 3210
    30424/  4 | 3210
    30425/  4 | 3210
    30425/  4 | 3210
    30425/  4 | 3210
    30425/  4 | 3210
    30425/  4 | 3210
    30426/  4 | 3210
    30426/  4 | 3210
    30426/  4 | 3210
    30426/  4 | 3210
    30427/  4 | 3210
    30427/  4 | 3210
    30427/  4 | 3210
    30427/  4 | 3210
    30428/  4 | 3210
    30431/  4 | 32646
    30432/  4 | 32646
    30432/  4 | 32646
    30432/  4 | 32646
    30432/  4 | 32646
    30432/  4 | 32646
    30433/  4 | 32646
    30433/  4 | 32646
    30433/  4 | 32646
    30433/  4 | 32646
    30434/  4 | 32646
    30434/  4 | 32646
    30434/  4 | 32646
    30434/  4 | 32646
    30435/  4 | 32646
    30435/  4 | 32646
    30435/  4 | 32646
    30435/  4 | 32646
    30436/  4 | 32646
    30436/  4 | 32646
    30436/  4 | 32646
    30436/  4 | 32646
    30436/  4 | 32646
    30437/  4 | 32646
    30437/  4 | 32646
    30437/  4 | 32646
    30437/  4 | 32646
    30438/  4 | 32646
    30438/  4 | 32646
    30438/  4 | 32646
    30438/  4 | 32646
    30439/  4 | 32646
    30439/  4 | 32646
    30439/  4 | 32646
    30439/  4 | 32646
    30440/  4 | 32646
    30440/  4 | 32646
    30440/  4 | 32646
    30440/  4 | 32646
    30441/  4 | 32646
    30441/  4 | 32646
    30441/  4 | 32646
    30441/  4 | 32646
    30441/  4 | 32646
    30442/  4 | 32646
    30442/  4 | 32646
    30442/  4 | 32646
    30442/  4 | 32646
    30443/  4 | 32646
    30443/  4 | 32646
    30443/  4 | 32646
    30443/  4 | 32646
    30444/  4 | 32646
    30444/  4 | 32646
    30444/  4 | 32646
    30444/  4 | 32646
    30445/  4 | 32646
    30445/  4 | 32646
    30445/  4 | 32646
    30445/  4 | 32646
    30445/  4 | 32646
    30446/  4 | 32646
    30446/  4 | 32646
    30446/  4 | 32646
    30446/  4 | 32646
    30447/  4 | 32646
    30447/  4 | 32646
    30447/  4 | 32646
    30447/  4 | 32646
    30448/  4 | 32646
    30448/  4 | 32646
    30448/  4 | 32646
    30448/  4 | 32646
    30449/  4 | 32646
    30449/  4 | 32646
    30449/  4 | 32646
    30449/  4 | 32646
    30450/  4 | 32646
    30450/  4 | 32646
    30450/  4 | 32646
    30450/  4 | 32646
    30450/  4 | 32646
    30451/  4 | 32646
    30451/  4 | 32646
    30451/  4 | 32646
    30451/  4 | 32646
    30452/  4 | 32646
    30452/  4 | 32646
    30452/  4 | 32646
    30452/  4 | 32646
    30453/  4 | 32646
    30453/  4 | 32646
    30453/  4 | 32646
    30453/  4 | 32646
    30454/  4 | 32646
    30454/  4 | 32646
    30454/  4 | 32646
    30454/  4 | 32646
    30454/  4 | 32646
    30455/  4 | 32646
    30455/  4 | 32646
    30455/  4 | 32646
    30455/  4 | 32646
    30456/  4 | 32646
    30456/  4 | 32646
    30456/  4 | 32646
    30456/  4 | 32646
    30457/  4 | 32646
    30457/  4 | 32646
    30457/  4 | 32646
    30457/  4 | 32646
    30458/  4 | 32646
    30458/  4 | 32646
    30458/  4 | 32646
    30458/  4 | 32646
    30459/  4 | 32646
    30459/  4 | 32646
    30459/  4 | 32646
    30459/  4 | 32646
    30459/  4 | 32646
    30460/  4 | 32646
    30460/  4 | 32646
    30460/  4 | 32646
    30460/  4 | 32646
    30461/  4 | 32646
    30461/  4 | 32646
    30461/  4 | 32646
    30461/  4 | 32646
    30462/  4 | 32646
    30462/  4 | 32646
    30462/  4 | 32646
    30462/  4 | 32646
    30463/  4 | 32646
    30463/  4 | 32646
    30463/  4 | 32646
    30463/  4 | 32646
    30464/  4 | 32646
    30464/  4 | 32646
    30464/  4 | 32646
    30464/  4 | 32646
    30464/  4 | 32646
    30465/  4 | 32646
    30465/  4 | 32646
    30465/  4 | 32646
    30465/  4 | 32646
    30466/  4 | 32646
    30466/  4 | 32646
    30466/  4 | 32646
    30466/  4 | 32646
    30467/  4 | 32646
    30467/  4 | 32646
    30467/  4 | 32646
    30467/  4 | 32646
    30468/  4 | 32646
    30468/  4 | 32646
    30468/  4 | 2284
    30468/  4 | 2284
    30468/  4 | 2284
    30469/  4 | 2284
    30469/  4 | 2284
    30469/  4 | 2284
    30469/  4 | 2284
    30470/  4 | 2284
    30470/  4 | 2284
    30470/  4 | 2284
    30470/  4 | 2284
    30471/  4 | 2284
    30471/  4 | 2284
    30471/  4 | 2284
    30471/  4 | 2284
    30471/  4 | 2284
    30472/  4 | 2284
    30472/  4 | 2284
    30472/  4 | 2284
    30472/  4 | 2284
    30473/  4 | 2284
    30473/  4 | 2284
    30473/  4 | 2284
    30473/  4 | 2284
    30473/  4 | 2284
    30474/  4 | 2284
    30474/  4 | 2284
    30474/  4 | 2284
    30474/  4 | 2284
    30475/  4 | 2284
    30475/  4 | 2284
    30475/  4 | 2284
    30475/  4 | 2284
    30475/  4 | 2284
    30476/  4 | 2284
    30476/  4 | 2284
    30476/  4 | 2284
    30476/  4 | 2284
    30477/  4 | 2284
    30477/  4 | 2284
    30477/  4 | 2284
    30477/  4 | 2284
    30478/  4 | 2284
    30478/  4 | 2284
    30478/  4 | 2284
    30478/  4 | 2284
    30478/  4 | 2284
    30479/  4 | 2284
    30479/  4 | 2284
    30479/  4 | 2284
    30479/  4 | 2284
    30480/  4 | 2284
    30480/  4 | 2284
    30480/  4 | 2284
    30480/  4 | 2284
    30480/  4 | 2284
    30481/  4 | 2284
    30481/  4 | 2284
    30481/  4 | 2284
    30481/  4 | 2284
    30482/  4 | 2284
    30482/  4 | 2284
    30482/  4 | 2284
    30482/  4 | 2284
    30482/  4 | 2284
    30483/  4 | 2284
    30483/  4 | 2284
    30483/  4 | 2284
    30483/  4 | 2284
    30484/  4 | 2284
    30484/  4 | 2284
    30484/  4 | 2284
    30484/  4 | 2284
    30485/  4 | 2284
    30485/  4 | 2284
    30485/  4 | 2284
    30485/  4 | 2284
    30485/  4 | 2284
    30486/  4 | 2284
    30486/  4 | 2284
    30486/  4 | 2284
    30486/  4 | 2284
    30487/  4 | 2284
    30487/  4 | 2284
    30487/  4 | 2284
    30487/  4 | 2284
    30487/  4 | 2284
    30488/  4 | 2284
    30488/  4 | 2284
    30488/  4 | 2284
    30488/  4 | 2284
    30489/  4 | 2284
    30489/  4 | 2284
    30489/  4 | 2284
    30489/  4 | 2284
    30490/  4 | 2284
    30490/  4 | 2284
    30490/  4 | 2284
    30490/  4 | 2284
    30490/  4 | 2284
    30491/  4 | 2284
    30491/  4 | 2284
    30491/  4 | 2284
    30491/  4 | 2284
    30492/  4 | 2284
    30492/  4 | 2284
    30492/  4 | 2284
    30492/  4 | 2284
    30492/  4 | 2284
    30493/  4 | 2284
    30493/  4 | 2284
    30493/  4 | 2284
    30493/  4 | 2284
    30494/  4 | 2284
    30494/  4 | 2284
    30494/  4 | 2284
    30494/  4 | 2284
    30494/  4 | 2284
    30495/  4 | 2284
    30495/  4 | 2284
    30495/  4 | 2284
    30495/  4 | 2284
    30496/  4 | 2284
    30496/  4 | 2284
    30496/  4 | 2284
    30496/  4 | 2284
    30497/  4 | 2284
    30497/  4 | 2284
    30497/  4 | 2284
    30497/  4 | 2284
    30497/  4 | 2284
    30498/  4 | 2284
    30498/  4 | 2284
    30498/  4 | 2284
    30498/  4 | 2284
    30499/  4 | 2284
    30499/  4 | 2284
    30499/  4 | 2284
    30499/  4 | 2284
    30499/  4 | 2284
    30500/  4 | 2284
    30500/  4 | 2284
    30500/  4 | 2284
    30500/  4 | 2284
    30501/  4 | 2284
    30501/  4 | 2284
    30501/  4 | 2284
    30501/  4 | 2284
    30501/  4 | 2284
    30502/  4 | 2284
    30502/  4 | 2284
    30502/  4 | 2284
    30502/  4 | 2284
    30503/  4 | 2284
    30503/  4 | 2284
    30503/  4 | 2284
    30503/  4 | 2284
    30504/  4 | 2284
    30504/  4 | 2284
    30504/  4 | 2284
    30504/  4 | 2284
    30504/  4 | 2284
    30505/  4 | 2284
    30505/  4 | 2284
    30505/  4 | 2284
    30505/  4 | 1959
    30506/  4 | 1959
    30506/  4 | 1959
    30506/  4 | 1959
    30506/  4 | 1959
    30506/  4 | 1959
    30507/  4 | 1959
    30507/  4 | 1959
    30507/  4 | 1959
    30507/  4 | 1959
    30508/  4 | 1959
    30508/  4 | 1959
    30508/  4 | 1959
    30508/  4 | 1959
    30509/  4 | 1959
    30509/  4 | 1959
    30509/  4 | 1959
    30509/  4 | 1959
    30509/  4 | 1959
    30510/  4 | 1959
    30510/  4 | 1959
    30510/  4 | 1959
    30510/  4 | 1959
    30511/  4 | 1959
    30511/  4 | 1959
    30511/  4 | 1959
    30511/  4 | 1959
    30511/  4 | 1959
    30512/  4 | 1959
    30512/  4 | 1959
    30512/  4 | 1959
    30512/  4 | 1959
    30513/  4 | 1959
    30513/  4 | 1959
    30513/  4 | 1959
    30513/  4 | 1959
    30513/  4 | 1959
    30514/  4 | 1959
    30514/  4 | 1959
    30514/  4 | 1959
    30514/  4 | 1959
    30515/  4 | 1959
    30515/  4 | 1959
    30515/  4 | 1959
    30515/  4 | 1959
    30516/  4 | 1959
    30516/  4 | 1959
    30516/  4 | 1959
    30516/  4 | 1959
    30516/  4 | 1959
    30517/  4 | 1959
    30517/  4 | 1959
    30517/  4 | 1959
    30517/  4 | 1959
    30518/  4 | 1959
    30518/  4 | 1959
    30518/  4 | 1959
    30518/  4 | 1959
    30518/  4 | 1959
    30519/  4 | 1959
    30519/  4 | 1959
    30519/  4 | 1959
    30519/  4 | 1959
    30520/  4 | 1959
    30520/  4 | 1959
    30520/  4 | 1959
    30520/  4 | 1959
    30520/  4 | 1959
    30521/  4 | 1959
    30521/  4 | 1959
    30521/  4 | 1959
    30521/  4 | 1959
    30522/  4 | 1959
    30522/  4 | 1959
    30522/  4 | 1959
    30522/  4 | 1959
    30523/  4 | 1959
    30523/  4 | 1959
    30523/  4 | 1959
    30523/  4 | 1959
    30523/  4 | 1959
    30524/  4 | 1959
    30524/  4 | 1959
    30524/  4 | 1959
    30524/  4 | 1959
    30525/  4 | 1959
    30525/  4 | 1959
    30525/  4 | 1959
    30525/  4 | 1959
    30525/  4 | 1959
    30526/  4 | 1959
    30526/  4 | 1959
    30526/  4 | 1959
    30526/  4 | 1959
    30527/  4 | 1959
    30527/  4 | 1959
    30527/  4 | 1959
    30527/  4 | 1959
    30528/  4 | 1959
    30528/  4 | 1959
    30528/  4 | 1959
    30528/  4 | 1959
    30528/  4 | 1959
    30529/  4 | 1959
    30529/  4 | 1959
    30529/  4 | 1959
    30529/  4 | 1959
    30530/  4 | 1959
    30530/  4 | 1959
    30530/  4 | 1959
    30530/  4 | 1959
    30530/  4 | 1959
    30531/  4 | 1959
    30531/  4 | 1959
    30531/  4 | 1959
    30531/  4 | 1959
    30532/  4 | 1959
    30532/  4 | 1959
    30532/  4 | 1959
    30532/  4 | 1959
    30532/  4 | 1959
    30533/  4 | 1959
    30533/  4 | 1959
    30533/  4 | 1959
    30533/  4 | 1959
    30534/  4 | 1959
    30534/  4 | 1959
    30534/  4 | 1959
    30534/  4 | 1959
    30535/  4 | 1959
    30535/  4 | 1959
    30535/  4 | 1959
    30535/  4 | 1959
    30535/  4 | 1959
    30536/  4 | 1959
    30536/  4 | 1959
    30536/  4 | 1959
    30536/  4 | 1959
    30537/  4 | 1959
    30537/  4 | 1959
    30537/  4 | 1959
    30537/  4 | 1959
    30537/  4 | 1959
    30538/  4 | 1959
    30538/  4 | 1959
    30538/  4 | 1959
    30538/  4 | 1959
    30539/  4 | 1959
    30539/  4 | 1959
    30539/  4 | 1959
    30539/  4 | 1959
    30539/  4 | 1959
    30540/  4 | 1959
    30540/  4 | 1959
    30540/  4 | 1959
    30540/  4 | 1959
    30541/  4 | 1959
    30541/  4 | 1959
    30541/  4 | 1959
    30541/  4 | 1959
    30545/  4 | 32645
    30545/  4 | 32645
    30546/  4 | 32645
    30546/  4 | 32645
    30546/  4 | 32645
    30546/  4 | 32645
    30547/  4 | 32645
    30547/  4 | 32645
    30547/  4 | 32645
    30547/  4 | 32645
    30547/  4 | 32645
    30548/  4 | 32645
    30548/  4 | 32645
    30548/  4 | 32645
    30548/  4 | 32645
    30549/  4 | 32645
    30549/  4 | 32645
    30549/  4 | 32645
    30549/  4 | 32645
    30550/  4 | 32645
    30550/  4 | 32645
    30550/  4 | 32645
    30550/  4 | 32645
    30551/  4 | 32645
    30551/  4 | 32645
    30551/  4 | 32645
    30551/  4 | 32645
    30551/  4 | 32645
    30552/  4 | 32645
    30552/  4 | 32645
    30552/  4 | 32645
    30552/  4 | 32645
    30553/  4 | 32645
    30553/  4 | 32645
    30553/  4 | 32645
    30553/  4 | 32645
    30554/  4 | 32645
    30554/  4 | 32645
    30554/  4 | 32645
    30554/  4 | 32645
    30555/  4 | 32645
    30555/  4 | 32645
    30555/  4 | 32645
    30555/  4 | 32645
    30556/  4 | 32645
    30556/  4 | 32645
    30556/  4 | 32645
    30556/  4 | 32645
    30556/  4 | 32645
    30557/  4 | 32645
    30557/  4 | 32645
    30557/  4 | 32645
    30557/  4 | 32645
    30558/  4 | 32645
    30558/  4 | 32645
    30558/  4 | 32645
    30558/  4 | 32645
    30559/  4 | 32645
    30559/  4 | 32645
    30559/  4 | 32645
    30559/  4 | 32645
    30560/  4 | 32645
    30560/  4 | 32645
    30560/  4 | 32645
    30560/  4 | 32645
    30561/  4 | 32645
    30561/  4 | 32645
    30561/  4 | 32645
    30561/  4 | 32645
    30561/  4 | 1646
    30562/  4 | 1646
    30562/  4 | 1646
    30562/  4 | 1646
    30562/  4 | 1646
    30563/  4 | 1646
    30563/  4 | 1646
    30563/  4 | 1646
    30563/  4 | 1646
    30563/  4 | 1646
    30564/  4 | 1646
    30564/  4 | 1646
    30564/  4 | 1646
    30564/  4 | 1646
    30565/  4 | 1646
    30565/  4 | 1646
    30565/  4 | 1646
    30565/  4 | 1646
    30566/  4 | 1646
    30566/  4 | 1646
    30566/  4 | 1646
    30566/  4 | 1646
    30566/  4 | 1646
    30567/  4 | 1646
    30567/  4 | 1646
    30567/  4 | 1646
    30567/  4 | 1646
    30568/  4 | 1646
    30568/  4 | 1646
    30568/  4 | 1646
    30568/  4 | 1646
    30568/  4 | 1646
    30569/  4 | 1646
    30569/  4 | 1646
    30569/  4 | 1646
    30569/  4 | 1646
    30570/  4 | 1646
    30570/  4 | 1646
    30570/  4 | 1646
    30570/  4 | 1646
    30570/  4 | 1646
    30571/  4 | 1646
    30571/  4 | 1646
    30571/  4 | 1646
    30571/  4 | 1646
    30572/  4 | 1646
    30572/  4 | 1646
    30572/  4 | 1646
    30572/  4 | 1646
    30573/  4 | 1646
    30573/  4 | 1646
    30573/  4 | 1646
    30573/  4 | 1646
    30573/  4 | 1646
    30574/  4 | 1646
    30574/  4 | 1646
    30574/  4 | 1646
    30574/  4 | 1646
    30575/  4 | 1646
    30575/  4 | 1646
    30575/  4 | 1646
    30575/  4 | 1646
    30575/  4 | 1646
    30576/  4 | 1646
    30576/  4 | 1646
    30576/  4 | 1646
    30576/  4 | 1646
    30577/  4 | 1646
    30577/  4 | 1646
    30577/  4 | 1646
    30577/  4 | 1646
    30578/  4 | 1646
    30578/  4 | 1646
    30578/  4 | 1646
    30578/  4 | 1646
    30578/  4 | 1646
    30579/  4 | 1646
    30579/  4 | 1646
    30579/  4 | 1646
    30579/  4 | 1646
    30580/  4 | 1646
    30580/  4 | 1646
    30580/  4 | 1646
    30580/  4 | 1646
    30580/  4 | 1646
    30581/  4 | 1646
    30581/  4 | 1646
    30581/  4 | 1646
    30581/  4 | 1646
    30582/  4 | 1646
    30582/  4 | 1646
    30582/  4 | 1646
    30582/  4 | 1646
    30582/  4 | 1646
    30583/  4 | 1646
    30583/  4 | 1646
    30583/  4 | 1646
    30583/  4 | 1646
    30584/  4 | 1646
    30584/  4 | 1646
    30584/  4 | 1646
    30584/  4 | 1646
    30585/  4 | 1646
    30585/  4 | 1646
    30585/  4 | 1646
    30585/  4 | 1646
    30585/  4 | 1646
    30586/  4 | 1646
    30586/  4 | 1646
    30586/  4 | 1646
    30586/  4 | 1646
    30587/  4 | 1646
    30587/  4 | 1646
    30587/  4 | 1646
    30587/  4 | 1646
    30587/  4 | 1646
    30588/  4 | 1646
    30588/  4 | 1646
    30588/  4 | 1646
    30588/  4 | 1646
    30589/  4 | 1646
    30589/  4 | 1646
    30589/  4 | 1646
    30589/  4 | 1646
    30589/  4 | 1646
    30590/  4 | 1646
    30590/  4 | 1646
    30590/  4 | 1646
    30590/  4 | 1646
    30591/  4 | 1646
    30591/  4 | 1646
    30591/  4 | 1646
    30591/  4 | 1646
    30592/  4 | 1646
    30592/  4 | 1646
    30592/  4 | 1646
    30592/  4 | 1646
    30592/  4 | 1646
    30593/  4 | 1646
    30593/  4 | 1646
    30593/  4 | 1646
    30593/  4 | 1646
    30594/  4 | 1646
    30594/  4 | 1646
    30594/  4 | 1646
    30594/  4 | 1646
    30594/  4 | 1646
    30595/  4 | 1646
    30595/  4 | 1646
    30595/  4 | 1646
    30595/  4 | 1646
    30596/  4 | 1646
    30596/  4 | 1646
    30596/  4 | 1646
    30596/  4 | 1646
    30597/  4 | 1646
    30597/  4 | 1646
    30597/  4 | 1646
    30597/  4 | 1646
    30597/  4 | 1646
    30598/  4 | 1646
    30598/  4 | 1646
    30598/  4 | 1646
    30598/  4 | 1646
    30599/  4 | 1646
    30599/  4 | 1470
    30599/  4 | 1470
    30599/  4 | 1470
    30599/  4 | 1470
    30600/  4 | 1470
    30600/  4 | 1470
    30600/  4 | 1470
    30600/  4 | 1470
    30601/  4 | 1470
    30601/  4 | 1470
    30601/  4 | 1470
    30601/  4 | 1470
    30601/  4 | 1470
    30602/  4 | 1470
    30602/  4 | 1470
    30602/  4 | 1470
    30602/  4 | 1470
    30603/  4 | 1470
    30603/  4 | 1470
    30603/  4 | 1470
    30603/  4 | 1470
    30604/  4 | 1470
    30604/  4 | 1470
    30604/  4 | 1470
    30604/  4 | 1470
    30604/  4 | 1470
    30605/  4 | 1470
    30605/  4 | 1470
    30605/  4 | 1470
    30605/  4 | 1470
    30606/  4 | 1470
    30606/  4 | 1470
    30606/  4 | 1470
    30606/  4 | 1470
    30606/  4 | 1470
    30607/  4 | 1470
    30607/  4 | 1470
    30607/  4 | 1470
    30607/  4 | 1470
    30608/  4 | 1470
    30608/  4 | 1470
    30608/  4 | 1470
    30608/  4 | 1470
    30608/  4 | 1470
    30609/  4 | 1470
    30609/  4 | 1470
    30609/  4 | 1470
    30609/  4 | 1470
    30610/  4 | 1470
    30610/  4 | 1470
    30610/  4 | 1470
    30610/  4 | 1470
    30611/  4 | 1470
    30611/  4 | 1470
    30611/  4 | 1470
    30611/  4 | 1470
    30611/  4 | 1470
    30612/  4 | 1470
    30612/  4 | 1470
    30612/  4 | 1470
    30612/  4 | 1470
    30613/  4 | 1470
    30613/  4 | 1470
    30613/  4 | 1470
    30613/  4 | 1470
    30613/  4 | 1470
    30614/  4 | 1470
    30614/  4 | 1470
    30614/  4 | 1470
    30614/  4 | 1470
    30615/  4 | 1470
    30615/  4 | 1470
    30615/  4 | 1470
    30615/  4 | 1470
    30616/  4 | 1470
    30616/  4 | 1470
    30616/  4 | 1470
    30616/  4 | 1470
    30616/  4 | 1470
    30617/  4 | 1470
    30617/  4 | 1470
    30617/  4 | 1470
    30617/  4 | 1470
    30618/  4 | 1470
    30618/  4 | 1470
    30618/  4 | 1470
    30618/  4 | 1470
    30618/  4 | 1470
    30619/  4 | 1470
    30619/  4 | 1470
    30619/  4 | 1470
    30619/  4 | 1470
    30620/  4 | 1470
    30620/  4 | 1470
    30620/  4 | 1470
    30620/  4 | 1470
    30620/  4 | 1470
    30621/  4 | 1470
    30621/  4 | 1470
    30621/  4 | 1470
    30621/  4 | 1470
    30622/  4 | 1470
    30622/  4 | 1470
    30622/  4 | 1470
    30622/  4 | 1470
    30623/  4 | 1470
    30623/  4 | 1470
    30623/  4 | 1470
    30623/  4 | 1470
    30623/  4 | 1470
    30624/  4 | 1470
    30624/  4 | 1470
    30624/  4 | 1470
    30624/  4 | 1470
    30625/  4 | 1470
    30625/  4 | 1470
    30625/  4 | 1470
    30625/  4 | 1470
    30625/  4 | 1470
    30626/  4 | 1470
    30626/  4 | 1470
    30626/  4 | 1470
    30626/  4 | 1470
    30627/  4 | 1470
    30627/  4 | 1470
    30627/  4 | 1470
    30627/  4 | 1470
    30627/  4 | 1470
    30628/  4 | 1470
    30628/  4 | 1470
    30628/  4 | 1470
    30628/  4 | 1470
    30629/  4 | 1470
    30629/  4 | 1470
    30629/  4 | 1470
    30629/  4 | 1470
    30630/  4 | 1470
    30630/  4 | 1470
    30630/  4 | 1470
    30630/  4 | 1470
    30630/  4 | 1470
    30631/  4 | 1470
    30631/  4 | 1470
    30631/  4 | 1470
    30631/  4 | 1470
    30632/  4 | 1470
    30632/  4 | 1470
    30632/  4 | 1470
    30632/  4 | 1470
    30632/  4 | 1470
    30633/  4 | 1470
    30633/  4 | 1470
    30633/  4 | 1470
    30633/  4 | 1470
    30634/  4 | 1470
    30634/  4 | 1470
    30634/  4 | 1470
    30634/  4 | 1470
    30635/  4 | 1470
    30635/  4 | 1470
    30635/  4 | 1470
    30635/  4 | 1470
    30635/  4 | 1470
    30636/  4 | 1470
    30636/  4 | 1470
    30636/  4 | 1339
    30636/  4 | 1339
    30637/  4 | 1339
    30637/  4 | 1339
    30637/  4 | 1339
    30637/  4 | 1339
    30637/  4 | 1339
    30638/  4 | 1339
    30638/  4 | 1339
    30638/  4 | 1339
    30638/  4 | 1339
    30639/  4 | 1339
    30639/  4 | 1339
    30639/  4 | 1339
    30639/  4 | 1339
    30639/  4 | 1339
    30640/  4 | 1339
    30640/  4 | 1339
    30640/  4 | 1339
    30640/  4 | 1339
    30641/  4 | 1339
    30641/  4 | 1339
    30641/  4 | 1339
    30641/  4 | 1339
    30642/  4 | 1339
    30642/  4 | 1339
    30642/  4 | 1339
    30642/  4 | 1339
    30642/  4 | 1339
    30643/  4 | 1339
    30643/  4 | 1339
    30643/  4 | 1339
    30643/  4 | 1339
    30644/  4 | 1339
    30644/  4 | 1339
    30644/  4 | 1339
    30644/  4 | 1339
    30644/  4 | 1339
    30645/  4 | 1339
    30645/  4 | 1339
    30645/  4 | 1339
    30645/  4 | 1339
    30646/  4 | 1339
    30646/  4 | 1339
    30646/  4 | 1339
    30646/  4 | 1339
    30646/  4 | 1339
    30647/  4 | 1339
    30647/  4 | 1339
    30647/  4 | 1339
    30647/  4 | 1339
    30648/  4 | 1339
    30648/  4 | 1339
    30648/  4 | 1339
    30648/  4 | 1339
    30649/  4 | 1339
    30649/  4 | 1339
    30649/  4 | 1339
    30649/  4 | 1339
    30649/  4 | 1339
    30650/  4 | 1339
    30650/  4 | 1339
    30650/  4 | 1339
    30650/  4 | 1339
    30651/  4 | 1339
    30651/  4 | 1339
    30651/  4 | 1339
    30651/  4 | 1339
    30651/  4 | 1339
    30652/  4 | 1339
    30652/  4 | 1339
    30652/  4 | 1339
    30652/  4 | 1339
    30653/  4 | 1339
    30653/  4 | 1339
    30653/  4 | 1339
    30653/  4 | 1339
    30654/  4 | 1339
    30654/  4 | 1339
    30654/  4 | 1339
    30654/  4 | 1339
    30658/  4 | 32645
    30658/  4 | 32645
    30659/  4 | 32645
    30659/  4 | 32645
    30659/  4 | 32645
    30659/  4 | 32645
    30660/  4 | 32645
    30660/  4 | 32645
    30660/  4 | 32645
    30660/  4 | 32645
    30661/  4 | 32645
    30661/  4 | 32645
    30661/  4 | 32645
    30661/  4 | 32645
    30662/  4 | 32645
    30662/  4 | 32645
    30662/  4 | 32645
    30662/  4 | 32645
    30662/  4 | 32645
    30663/  4 | 32645
    30663/  4 | 32645
    30663/  4 | 32645
    30663/  4 | 32645
    30664/  4 | 32645
    30664/  4 | 32645
    30664/  4 | 32645
    30664/  4 | 32645
    30665/  4 | 32645
    30665/  4 | 32645
    30665/  4 | 32645
    30665/  4 | 32645
    30666/  4 | 32645
    30666/  4 | 32645
    30666/  4 | 32645
    30666/  4 | 32645
    30666/  4 | 32645
    30667/  4 | 32645
    30667/  4 | 32645
    30667/  4 | 32645
    30667/  4 | 32645
    30668/  4 | 32645
    30668/  4 | 32645
    30668/  4 | 32645
    30668/  4 | 32645
    30669/  4 | 32645
    30669/  4 | 32645
    30669/  4 | 32645
    30669/  4 | 32645
    30670/  4 | 32645
    30670/  4 | 32645
    30670/  4 | 32645
    30670/  4 | 32645
    30671/  4 | 32645
    30671/  4 | 32645
    30671/  4 | 32645
    30671/  4 | 32645
    30671/  4 | 32645
    30672/  4 | 32645
    30672/  4 | 32645
    30672/  4 | 32645
    30672/  4 | 32645
    30673/  4 | 32645
    30673/  4 | 32645
    30673/  4 | 32645
    30673/  4 | 1226
    30674/  4 | 1226
    30674/  4 | 1226
    30674/  4 | 1226
    30674/  4 | 1226
    30675/  4 | 1226
    30675/  4 | 1226
    30675/  4 | 1226
    30675/  4 | 1226
    30675/  4 | 1226
    30676/  4 | 1226
    30676/  4 | 1226
    30676/  4 | 1226
    30676/  4 | 1226
    30677/  4 | 1226
    30677/  4 | 1226
    30677/  4 | 1226
    30677/  4 | 1226
    30677/  4 | 1226
    30678/  4 | 1226
    30678/  4 | 1226
    30678/  4 | 1226
    30678/  4 | 1226
    30679/  4 | 1226
    30679/  4 | 1226
    30679/  4 | 1226
    30679/  4 | 1226
    30679/  4 | 1226
    30680/  4 | 1226
    30680/  4 | 1226
    30680/  4 | 1226
    30680/  4 | 1226
    30681/  4 | 1226
    30681/  4 | 1226
    30681/  4 | 1226
    30681/  4 | 1226
    30682/  4 | 1226
    30682/  4 | 1226
    30682/  4 | 1226
    30682/  4 | 1226
    30682/  4 | 1226
    30683/  4 | 1226
    30683/  4 | 1226
    30683/  4 | 1226
    30683/  4 | 1226
    30684/  4 | 1226
    30684/  4 | 1226
    30684/  4 | 1226
    30684/  4 | 1226
    30684/  4 | 1226
    30685/  4 | 1226
    30685/  4 | 1226
    30685/  4 | 1226
    30685/  4 | 1226
    30686/  4 | 1226
    30686/  4 | 1226
    30686/  4 | 1226
    30686/  4 | 1226
    30686/  4 | 1226
    30687/  4 | 1226
    30687/  4 | 1226
    30687/  4 | 1226
    30687/  4 | 1226
    30688/  4 | 1226
    30688/  4 | 1226
    30688/  4 | 1226
    30688/  4 | 1226
    30689/  4 | 1226
    30689/  4 | 1226
    30689/  4 | 1226
    30689/  4 | 1226
    30689/  4 | 1226
    30690/  4 | 1226
    30690/  4 | 1226
    30690/  4 | 1226
    30690/  4 | 1226
    30691/  4 | 1226
    30691/  4 | 1226
    30691/  4 | 1226
    30691/  4 | 1226
    30691/  4 | 1226
    30692/  4 | 1226
    30692/  4 | 1226
    30692/  4 | 1226
    30692/  4 | 1226
    30693/  4 | 1226
    30693/  4 | 1226
    30693/  4 | 1226
    30693/  4 | 1226
    30694/  4 | 1226
    30694/  4 | 1226
    30694/  4 | 1226
    30694/  4 | 1226
    30694/  4 | 1226
    30695/  4 | 1226
    30695/  4 | 1226
    30695/  4 | 1226
    30695/  4 | 1226
    30696/  4 | 1226
    30696/  4 | 1226
    30696/  4 | 1226
    30696/  4 | 1226
    30696/  4 | 1226
    30697/  4 | 1226
    30697/  4 | 1226
    30697/  4 | 1226
    30697/  4 | 1226
    30698/  4 | 1226
    30698/  4 | 1226
    30698/  4 | 1226
    30698/  4 | 1226
    30698/  4 | 1226
    30699/  4 | 1226
    30699/  4 | 1226
    30699/  4 | 1226
    30699/  4 | 1226
    30700/  4 | 1226
    30700/  4 | 1226
    30700/  4 | 1226
    30700/  4 | 1226
    30701/  4 | 1226
    30701/  4 | 1226
    30701/  4 | 1226
    30701/  4 | 1226
    30701/  4 | 1226
    30702/  4 | 1226
    30702/  4 | 1226
    30702/  4 | 1226
    30702/  4 | 1226
    30703/  4 | 1226
    30703/  4 | 1226
    30703/  4 | 1226
    30703/  4 | 1226
    30703/  4 | 1226
    30704/  4 | 1226
    30704/  4 | 1226
    30704/  4 | 1226
    30704/  4 | 1226
    30705/  4 | 1226
    30705/  4 | 1226
    30705/  4 | 1226
    30705/  4 | 1226
    30705/  4 | 1226
    30706/  4 | 1226
    30706/  4 | 1226
    30706/  4 | 1226
    30706/  4 | 1226
    30707/  4 | 1226
    30707/  4 | 1226
    30707/  4 | 1226
    30707/  4 | 1226
    30708/  4 | 1226
    30708/  4 | 1226
    30708/  4 | 1226
    30708/  4 | 1226
    30708/  4 | 1226
    30709/  4 | 1226
    30709/  4 | 1226
    30709/  4 | 1226
    30709/  4 | 1226
    30710/  4 | 1226
    30710/  4 | 1226
    30710/  4 | 1226
    30710/  4 | 1226
    30710/  4 | 1226
    30711/  4 | 1145
    30711/  4 | 1145
    30711/  4 | 1145
    30711/  4 | 1145
    30712/  4 | 1145
    30712/  4 | 1145
    30712/  4 | 1145
    30712/  4 | 1145
    30713/  4 | 1145
    30713/  4 | 1145
    30713/  4 | 1145
    30713/  4 | 1145
    30713/  4 | 1145
    30714/  4 | 1145
    30714/  4 | 1145
    30714/  4 | 1145
    30714/  4 | 1145
    30715/  4 | 1145
    30715/  4 | 1145
    30715/  4 | 1145
    30715/  4 | 1145
    30715/  4 | 1145
    30716/  4 | 1145
    30716/  4 | 1145
    30716/  4 | 1145
    30716/  4 | 1145
    30717/  4 | 1145
    30717/  4 | 1145
    30717/  4 | 1145
    30717/  4 | 1145
    30717/  4 | 1145
    30718/  4 | 1145
    30718/  4 | 1145
    30718/  4 | 1145
    30718/  4 | 1145
    30719/  4 | 1145
    30719/  4 | 1145
    30719/  4 | 1145
    30719/  4 | 1145
    30720/  4 | 1145
    30720/  4 | 1145
    30720/  4 | 1145
    30720/  4 | 1145
    30720/  4 | 1145
    30721/  4 | 1145
    30721/  4 | 1145
    30721/  4 | 1145
    30721/  4 | 1145
    30722/  4 | 1145
    30722/  4 | 1145
    30722/  4 | 1145
    30722/  4 | 1145
    30722/  4 | 1145
    30723/  4 | 1145
    30723/  4 | 1145
    30723/  4 | 1145
    30723/  4 | 1145
    30724/  4 | 1145
    30724/  4 | 1145
    30724/  4 | 1145
    30724/  4 | 1145
    30724/  4 | 1145
    30725/  4 | 1145
    30725/  4 | 1145
    30725/  4 | 1145
    30725/  4 | 1145
    30726/  4 | 1145
    30726/  4 | 1145
    30726/  4 | 1145
    30726/  4 | 1145
    30727/  4 | 1145
    30727/  4 | 1145
    30727/  4 | 1145
    30727/  4 | 1145
    30727/  4 | 1145
    30728/  4 | 1145
    30728/  4 | 1145
    30728/  4 | 1145
    30728/  4 | 1145
    30729/  4 | 1145
    30729/  4 | 1145
    30729/  4 | 1145
    30729/  4 | 1145
    30729/  4 | 1145
    30730/  4 | 1145
    30730/  4 | 1145
    30730/  4 | 1145
    30730/  4 | 1145
    30731/  4 | 1145
    30731/  4 | 1145
    30731/  4 | 1145
    30731/  4 | 1145
    30732/  4 | 1145
    30732/  4 | 1145
    30732/  4 | 1145
    30732/  4 | 1145
    30732/  4 | 1145
    30733/  4 | 1145
    30733/  4 | 1145
    30733/  4 | 1145
    30733/  4 | 1145
    30734/  4 | 1145
    30734/  4 | 1145
    30734/  4 | 1145
    30734/  4 | 1145
    30734/  4 | 1145
    30735/  4 | 1145
    30735/  4 | 1145
    30735/  4 | 1145
    30735/  4 | 1145
    30736/  4 | 1145
    30736/  4 | 1145
    30736/  4 | 1145
    30736/  4 | 1145
    30736/  4 | 1145
    30737/  4 | 1145
    30737/  4 | 1145
    30737/  4 | 1145
    30737/  4 | 1145
    30738/  4 | 1145
    30738/  4 | 1145
    30738/  4 | 1145
    30738/  4 | 1145
    30739/  4 | 1145
    30739/  4 | 1145
    30739/  4 | 1145
    30739/  4 | 1145
    30739/  4 | 1145
    30740/  4 | 1145
    30740/  4 | 1145
    30740/  4 | 1145
    30740/  4 | 1145
    30741/  4 | 1145
    30741/  4 | 1145
    30741/  4 | 1145
    30741/  4 | 1145
    30741/  4 | 1145
    30742/  4 | 1145
    30742/  4 | 1145
    30742/  4 | 1145
    30742/  4 | 1145
    30743/  4 | 1145
    30743/  4 | 1145
    30743/  4 | 1145
    30743/  4 | 1145
    30744/  4 | 1145
    30744/  4 | 1145
    30744/  4 | 1145
    30744/  4 | 1145
    30744/  4 | 1145
    30745/  4 | 1145
    30745/  4 | 1145
    30745/  4 | 1145
    30745/  4 | 1145
    30746/  4 | 1145
    30746/  4 | 1145
    30746/  4 | 1145
    30746/  4 | 1145
    30746/  4 | 1145
    30747/  4 | 1145
    30747/  4 | 1145
    30747/  4 | 1145
    30747/  4 | 1145
    30748/  4 | 1145
    30748/  4 | 1145
    30748/  4 | 1085
    30748/  4 | 1085
    30748/  4 | 1085
    30749/  4 | 1085
    30749/  4 | 1085
    30749/  4 | 1085
    30749/  4 | 1085
    30750/  4 | 1085
    30750/  4 | 1085
    30750/  4 | 1085
    30750/  4 | 1085
    30751/  4 | 1085
    30751/  4 | 1085
    30751/  4 | 1085
    30751/  4 | 1085
    30751/  4 | 1085
    30752/  4 | 1085
    30752/  4 | 1085
    30752/  4 | 1085
    30752/  4 | 1085
    30753/  4 | 1085
    30753/  4 | 1085
    30753/  4 | 1085
    30753/  4 | 1085
    30753/  4 | 1085
    30754/  4 | 1085
    30754/  4 | 1085
    30754/  4 | 1085
    30754/  4 | 1085
    30755/  4 | 1085
    30755/  4 | 1085
    30755/  4 | 1085
    30755/  4 | 1085
    30755/  4 | 1085
    30756/  4 | 1085
    30756/  4 | 1085
    30756/  4 | 1085
    30756/  4 | 1085
    30757/  4 | 1085
    30757/  4 | 1085
    30757/  4 | 1085
    30757/  4 | 1085
    30758/  4 | 1085
    30758/  4 | 1085
    30758/  4 | 1085
    30758/  4 | 1085
    30758/  4 | 1085
    30759/  4 | 1085
    30759/  4 | 1085
    30759/  4 | 1085
    30759/  4 | 1085
    30760/  4 | 1085
    30760/  4 | 1085
    30760/  4 | 1085
    30760/  4 | 1085
    30760/  4 | 1085
    30761/  4 | 1085
    30761/  4 | 1085
    30761/  4 | 1085
    30761/  4 | 1085
    30762/  4 | 1085
    30762/  4 | 1085
    30762/  4 | 1085
    30762/  4 | 1085
    30763/  4 | 1085
    30763/  4 | 1085
    30763/  4 | 1085
    30763/  4 | 1085
    30763/  4 | 1085
    30764/  4 | 1085
    30764/  4 | 1085
    30764/  4 | 1085
    30764/  4 | 1085
    30765/  4 | 1085
    30765/  4 | 1085
    30765/  4 | 1085
    30765/  4 | 1085
    30765/  4 | 1085
    30766/  4 | 1085
    30766/  4 | 1085
    30766/  4 | 1085
    30766/  4 | 1085
    30767/  4 | 1085
    30767/  4 | 1085
    30767/  4 | 1085
    30767/  4 | 1085
    30771/  4 | 32645
    30771/  4 | 32645
    30771/  4 | 32645
    30772/  4 | 32645
    30772/  4 | 32645
    30772/  4 | 32645
    30772/  4 | 32645
    30773/  4 | 32645
    30773/  4 | 32645
    30773/  4 | 32645
    30773/  4 | 32645
    30774/  4 | 32645
    30774/  4 | 32645
    30774/  4 | 32645
    30774/  4 | 32645
    30775/  4 | 32645
    30775/  4 | 32645
    30775/  4 | 32645
    30775/  4 | 32645
    30775/  4 | 32645
    30776/  4 | 32645
    30776/  4 | 32645
    30776/  4 | 32645
    30776/  4 | 32645
    30777/  4 | 32645
    30777/  4 | 32645
    30777/  4 | 32645
    30777/  4 | 32645
    30778/  4 | 32645
    30778/  4 | 32645
    30778/  4 | 32645
    30778/  4 | 32645
    30779/  4 | 32645
    30779/  4 | 32645
    30779/  4 | 32645
    30779/  4 | 32645
    30780/  4 | 32645
    30780/  4 | 32645
    30780/  4 | 32645
    30780/  4 | 32645
    30780/  4 | 32645
    30781/  4 | 32645
    30781/  4 | 32645
    30781/  4 | 32645
    30782/  4 | 32645
    30782/  4 | 32645
    30782/  4 | 32645
    30782/  4 | 32645
    30782/  4 | 32645
    30783/  4 | 32645
    30783/  4 | 32645
    30783/  4 | 32645
    30783/  4 | 32645
    30784/  4 | 32645
    30784/  4 | 32645
    30784/  4 | 32645
    30784/  4 | 32645
    30785/  4 | 32645
    30785/  4 | 32645
    30785/  4 | 32645
    30785/  4 | 32645
    30786/  4 | 923
    30786/  4 | 923
    30786/  4 | 923
    30786/  4 | 923
    30786/  4 | 923
    30787/  4 | 923
    30787/  4 | 923
    30787/  4 | 923
    30787/  4 | 923
    30788/  4 | 923
    30788/  4 | 923
    30788/  4 | 923
    30788/  4 | 923
    30788/  4 | 923
    30789/  4 | 923
    30789/  4 | 923
    30789/  4 | 923
    30789/  4 | 923
    30789/  4 | 923
    30790/  4 | 923
    30790/  4 | 923
    30790/  4 | 923
    30790/  4 | 923
    30791/  4 | 923
    30791/  4 | 923
    30791/  4 | 923
    30791/  4 | 923
    30791/  4 | 923
    30792/  4 | 923
    30792/  4 | 923
    30792/  4 | 923
    30792/  4 | 923
    30792/  4 | 923
    30793/  4 | 923
    30793/  4 | 923
    30793/  4 | 923
    30793/  4 | 923
    30794/  4 | 923
    30794/  4 | 923
    30794/  4 | 923
    30794/  4 | 923
    30794/  4 | 923
    30795/  4 | 923
    30795/  4 | 923
    30795/  4 | 923
    30795/  4 | 923
    30795/  4 | 923
    30796/  4 | 923
    30796/  4 | 923
    30796/  4 | 923
    30796/  4 | 923
    30797/  4 | 923
    30797/  4 | 923
    30797/  4 | 923
    30797/  4 | 923
    30797/  4 | 923
    30798/  4 | 923
    30798/  4 | 923
    30798/  4 | 923
    30798/  4 | 923
    30798/  4 | 923
    30799/  4 | 923
    30799/  4 | 923
    30799/  4 | 923
    30799/  4 | 923
    30800/  4 | 923
    30800/  4 | 923
    30800/  4 | 923
    30800/  4 | 923
    30800/  4 | 923
    30801/  4 | 923
    30801/  4 | 923
    30801/  4 | 923
    30801/  4 | 923
    30802/  4 | 923
    30802/  4 | 923
    30802/  4 | 923
    30802/  4 | 923
    30802/  4 | 923
    30803/  4 | 923
    30803/  4 | 923
    30803/  4 | 923
    30803/  4 | 923
    30803/  4 | 923
    30804/  4 | 923
    30804/  4 | 923
    30804/  4 | 923
    30804/  4 | 923
    30805/  4 | 923
    30805/  4 | 923
    30805/  4 | 923
    30805/  4 | 923
    30805/  4 | 923
    30806/  4 | 923
    30806/  4 | 923
    30806/  4 | 923
    30806/  4 | 923
    30806/  4 | 923
    30807/  4 | 923
    30807/  4 | 923
    30807/  4 | 923
    30807/  4 | 923
    30808/  4 | 923
    30808/  4 | 923
    30808/  4 | 923
    30808/  4 | 923
    30808/  4 | 923
    30809/  4 | 923
    30809/  4 | 923
    30809/  4 | 923
    30809/  4 | 923
    30809/  4 | 923
    30810/  4 | 923
    30810/  4 | 923
    30810/  4 | 923
    30810/  4 | 923
    30811/  4 | 923
    30811/  4 | 923
    30811/  4 | 923
    30811/  4 | 923
    30811/  4 | 923
    30812/  4 | 923
    30812/  4 | 923
    30812/  4 | 923
    30812/  4 | 923
    30812/  4 | 923
    30813/  4 | 923
    30813/  4 | 923
    30813/  4 | 923
    30813/  4 | 923
    30814/  4 | 923
    30814/  4 | 923
    30814/  4 | 923
    30814/  4 | 923
    30814/  4 | 923
    30815/  4 | 923
    30815/  4 | 923
    30815/  4 | 923
    30815/  4 | 923
    30816/  4 | 923
    30816/  4 | 923
    30816/  4 | 923
    30816/  4 | 923
    30816/  4 | 923
    30817/  4 | 923
    30817/  4 | 923
    30817/  4 | 923
    30817/  4 | 923
    30817/  4 | 923
    30818/  4 | 923
    30818/  4 | 923
    30818/  4 | 923
    30818/  4 | 923
    30819/  4 | 923
    30819/  4 | 923
    30819/  4 | 923
    30819/  4 | 923
    30819/  4 | 923
    30820/  4 | 923
    30820/  4 | 923
    30820/  4 | 923
    30820/  4 | 923
    30820/  4 | 923
    30821/  4 | 923
    30821/  4 | 923
    30821/  4 | 923
    30821/  4 | 923
    30822/  4 | 923
    30822/  4 | 923
    30822/  4 | 923
    30822/  4 | 923
    30822/  4 | 923
    30823/  4 | 923
    30823/  4 | 909
    30823/  4 | 909
    30823/  4 | 909
    30823/  4 | 909
    30824/  4 | 909
    30824/  4 | 909
    30824/  4 | 909
    30824/  4 | 909
    30825/  4 | 909
    30825/  4 | 909
    30825/  4 | 909
    30825/  4 | 909
    30825/  4 | 909
    30826/  4 | 909
    30826/  4 | 909
    30826/  4 | 909
    30826/  4 | 909
    30826/  4 | 909
    30827/  4 | 909
    30827/  4 | 909
    30827/  4 | 909
    30827/  4 | 909
    30828/  4 | 909
    30828/  4 | 909
    30828/  4 | 909
    30828/  4 | 909
    30828/  4 | 909
    30829/  4 | 909
    30829/  4 | 909
    30829/  4 | 909
    30829/  4 | 909
    30830/  4 | 909
    30830/  4 | 909
    30830/  4 | 909
    30830/  4 | 909
    30830/  4 | 909
    30831/  4 | 909
    30831/  4 | 909
    30831/  4 | 909
    30831/  4 | 909
    30831/  4 | 909
    30832/  4 | 909
    30832/  4 | 909
    30832/  4 | 909
    30832/  4 | 909
    30833/  4 | 909
    30833/  4 | 909
    30833/  4 | 909
    30833/  4 | 909
    30833/  4 | 909
    30834/  4 | 909
    30834/  4 | 909
    30834/  4 | 909
    30834/  4 | 909
    30834/  4 | 909
    30835/  4 | 909
    30835/  4 | 909
    30835/  4 | 909
    30835/  4 | 909
    30836/  4 | 909
    30836/  4 | 909
    30836/  4 | 909
    30836/  4 | 909
    30836/  4 | 909
    30837/  4 | 909
    30837/  4 | 909
    30837/  4 | 909
    30837/  4 | 909
    30837/  4 | 909
    30838/  4 | 909
    30838/  4 | 909
    30838/  4 | 909
    30838/  4 | 909
    30839/  4 | 909
    30839/  4 | 909
    30839/  4 | 909
    30839/  4 | 909
    30839/  4 | 909
    30840/  4 | 909
    30840/  4 | 909
    30840/  4 | 909
    30840/  4 | 909
    30841/  4 | 909
    30841/  4 | 909
    30841/  4 | 909
    30841/  4 | 909
    30841/  4 | 909
    30842/  4 | 909
    30842/  4 | 909
    30842/  4 | 909
    30842/  4 | 909
    30842/  4 | 909
    30843/  4 | 909
    30843/  4 | 909
    30843/  4 | 909
    30843/  4 | 909
    30844/  4 | 909
    30844/  4 | 909
    30844/  4 | 909
    30844/  4 | 909
    30844/  4 | 909
    30845/  4 | 909
    30845/  4 | 909
    30845/  4 | 909
    30845/  4 | 909
    30845/  4 | 909
    30846/  4 | 909
    30846/  4 | 909
    30846/  4 | 909
    30846/  4 | 909
    30847/  4 | 909
    30847/  4 | 909
    30847/  4 | 909
    30847/  4 | 909
    30847/  4 | 909
    30848/  4 | 909
    30848/  4 | 909
    30848/  4 | 909
    30848/  4 | 909
    30848/  4 | 909
    30849/  4 | 909
    30849/  4 | 909
    30849/  4 | 909
    30849/  4 | 909
    30850/  4 | 909
    30850/  4 | 909
    30850/  4 | 909
    30850/  4 | 909
    30850/  4 | 909
    30851/  4 | 909
    30851/  4 | 909
    30851/  4 | 909
    30851/  4 | 909
    30851/  4 | 909
    30852/  4 | 909
    30852/  4 | 909
    30852/  4 | 909
    30852/  4 | 909
    30853/  4 | 909
    30853/  4 | 909
    30853/  4 | 909
    30853/  4 | 909
    30853/  4 | 909
    30854/  4 | 909
    30854/  4 | 909
    30854/  4 | 909
    30854/  4 | 909
    30855/  4 | 909
    30855/  4 | 909
    30855/  4 | 909
    30855/  4 | 909
    30855/  4 | 909
    30856/  4 | 909
    30856/  4 | 909
    30856/  4 | 909
    30856/  4 | 909
    30856/  4 | 909
    30857/  4 | 909
    30857/  4 | 909
    30857/  4 | 909
    30857/  4 | 909
    30858/  4 | 909
    30858/  4 | 909
    30858/  4 | 909
    30858/  4 | 909
    30858/  4 | 909
    30859/  4 | 909
    30859/  4 | 909
    30859/  4 | 909
    30859/  4 | 909
    30859/  4 | 909
    30860/  4 | 909
    30860/  4 | 909
    30860/  4 | 824
    30860/  4 | 824
    30861/  4 | 824
    30861/  4 | 824
    30861/  4 | 824
    30861/  4 | 824
    30861/  4 | 824
    30862/  4 | 824
    30862/  4 | 824
    30862/  4 | 824
    30862/  4 | 824
    30862/  4 | 824
    30863/  4 | 824
    30863/  4 | 824
    30863/  4 | 824
    30863/  4 | 824
    30864/  4 | 824
    30864/  4 | 824
    30864/  4 | 824
    30864/  4 | 824
    30864/  4 | 824
    30865/  4 | 824
    30865/  4 | 824
    30865/  4 | 824
    30865/  4 | 824
    30865/  4 | 824
    30866/  4 | 824
    30866/  4 | 824
    30866/  4 | 824
    30866/  4 | 824
    30867/  4 | 824
    30867/  4 | 824
    30867/  4 | 824
    30867/  4 | 824
    30867/  4 | 824
    30868/  4 | 824
    30868/  4 | 824
    30868/  4 | 824
    30868/  4 | 824
    30869/  4 | 824
    30869/  4 | 824
    30869/  4 | 824
    30869/  4 | 824
    30869/  4 | 824
    30870/  4 | 824
    30870/  4 | 824
    30870/  4 | 824
    30870/  4 | 824
    30870/  4 | 824
    30871/  4 | 824
    30871/  4 | 824
    30871/  4 | 824
    30871/  4 | 824
    30872/  4 | 824
    30872/  4 | 824
    30872/  4 | 824
    30872/  4 | 824
    30872/  4 | 824
    30873/  4 | 824
    30873/  4 | 824
    30873/  4 | 824
    30873/  4 | 824
    30873/  4 | 824
    30874/  4 | 824
    30874/  4 | 824
    30874/  4 | 824
    30874/  4 | 824
    30875/  4 | 824
    30875/  4 | 824
    30875/  4 | 824
    30875/  4 | 824
    30875/  4 | 824
    30876/  4 | 824
    30880/  4 | 32645
    30880/  4 | 32645
    30880/  4 | 32645
    30880/  4 | 32645
    30880/  4 | 32645
    30881/  4 | 32645
    30881/  4 | 32645
    30881/  4 | 32645
    30881/  4 | 32645
    30882/  4 | 32645
    30882/  4 | 32645
    30882/  4 | 32645
    30882/  4 | 32645
    30883/  4 | 32645
    30883/  4 | 32645
    30883/  4 | 32645
    30883/  4 | 32645
    30884/  4 | 32645
    30884/  4 | 32645
    30884/  4 | 32645
    30884/  4 | 32645
    30884/  4 | 32645
    30885/  4 | 32645
    30885/  4 | 32645
    30885/  4 | 32645
    30885/  4 | 32645
    30886/  4 | 32645
    30886/  4 | 32645
    30886/  4 | 32645
    30886/  4 | 32645
    30887/  4 | 32645
    30887/  4 | 32645
    30887/  4 | 32645
    30887/  4 | 32645
    30888/  4 | 32645
    30888/  4 | 32645
    30888/  4 | 32645
    30888/  4 | 32645
    30889/  4 | 32645
    30889/  4 | 32645
    30889/  4 | 32645
    30889/  4 | 32645
    30889/  4 | 32645
    30890/  4 | 32645
    30890/  4 | 32645
    30890/  4 | 32645
    30890/  4 | 32645
    30891/  4 | 32645
    30891/  4 | 32645
    30891/  4 | 32645
    30891/  4 | 32645
    30892/  4 | 32645
    30892/  4 | 32645
    30892/  4 | 32645
    30892/  4 | 32645
    30893/  4 | 32645
    30893/  4 | 32645
    30893/  4 | 32645
    30893/  4 | 32645
    30893/  4 | 32645
    30894/  4 | 32645
    30894/  4 | 32645
    30894/  4 | 32645
    30894/  4 | 32645
    30895/  4 | 32645
    30895/  4 | 32645
    30895/  4 | 32645
    30895/  4 | 32645
    30896/  4 | 32645
    30896/  4 | 32645
    30896/  4 | 32645
    30896/  4 | 32645
    30897/  4 | 32645
    30897/  4 | 32645
    30897/  4 | 32645
    30897/  4 | 32645
    30898/  4 | 32645
    30898/  4 | 32645
    30898/  4 | 32645
    30898/  4 | 32645
    30898/  4 | 32645
    30899/  4 | 32645
    30899/  4 | 32645
    30899/  4 | 32645
    30899/  4 | 32645
    30900/  4 | 32645
    30900/  4 | 32645
    30900/  4 | 32645
    30900/  4 | 32645
    30901/  4 | 32645
    30901/  4 | 32645
    30901/  4 | 32645
    30901/  4 | 32645
    30902/  4 | 32645
    30902/  4 | 32645
    30902/  4 | 32645
    30902/  4 | 32645
    30902/  4 | 32645
    30903/  4 | 32645
    30903/  4 | 32645
    30903/  4 | 32645
    30903/  4 | 32645
    30904/  4 | 32645
    30904/  4 | 32645
    30904/  4 | 32645
    30904/  4 | 32645
    30905/  4 | 32645
    30905/  4 | 32645
    30905/  4 | 32645
    30905/  4 | 32645
    30906/  4 | 32645
    30906/  4 | 32645
    30906/  4 | 32645
    30906/  4 | 32645
    30907/  4 | 32645
    30907/  4 | 32645
    30907/  4 | 32645
    30907/  4 | 32645
    30907/  4 | 32645
    30908/  4 | 32645
    30908/  4 | 32645
    30908/  4 | 32645
    30908/  4 | 32645
    30909/  4 | 32645
    30909/  4 | 32645
    30909/  4 | 32645
    30909/  4 | 32645
    30910/  4 | 32645
    30910/  4 | 32645
    30910/  4 | 32645
    30910/  4 | 32645
    30911/  4 | 32645
    30911/  4 | 32645
    30911/  4 | 32645
    30911/  4 | 32645
    30911/  4 | 32645
    30912/  4 | 32645
    30912/  4 | 32645
    30912/  4 | 32645
    30912/  4 | 32645
    30913/  4 | 32645
    30913/  4 | 32645
    30913/  4 | 32645
    30913/  4 | 32645
    30914/  4 | 32645
    30914/  4 | 32645
    30914/  4 | 32645
    30914/  4 | 32645
    30915/  4 | 32645
    30915/  4 | 32645
    30915/  4 | 32645
    30915/  4 | 32645
    30916/  4 | 32645
    30916/  4 | 32645
    30916/  4 | 765
    30916/  4 | 765
    30916/  4 | 765
    30917/  4 | 765
    30917/  4 | 765
    30917/  4 | 765
    30917/  4 | 765
    30918/  4 | 765
    30918/  4 | 765
    30918/  4 | 765
    30918/  4 | 765
    30918/  4 | 765
    30919/  4 | 765
    30919/  4 | 765
    30919/  4 | 765
    30919/  4 | 765
    30919/  4 | 765
    30920/  4 | 765
    30920/  4 | 765
    30920/  4 | 765
    30920/  4 | 765
    30921/  4 | 765
    30921/  4 | 765
    30921/  4 | 765
    30921/  4 | 765
    30921/  4 | 765
    30922/  4 | 765
    30922/  4 | 765
    30922/  4 | 765
    30922/  4 | 765
    30922/  4 | 765
    30923/  4 | 765
    30923/  4 | 765
    30923/  4 | 765
    30923/  4 | 765
    30924/  4 | 765
    30924/  4 | 765
    30924/  4 | 765
    30924/  4 | 765
    30924/  4 | 765
    30925/  4 | 765
    30925/  4 | 765
    30925/  4 | 765
    30925/  4 | 765
    30926/  4 | 765
    30926/  4 | 765
    30926/  4 | 765
    30926/  4 | 765
    30926/  4 | 765
    30927/  4 | 765
    30927/  4 | 765
    30927/  4 | 765
    30927/  4 | 765
    30927/  4 | 765
    30928/  4 | 765
    30928/  4 | 765
    30928/  4 | 765
    30928/  4 | 765
    30929/  4 | 765
    30929/  4 | 765
    30929/  4 | 765
    30929/  4 | 765
    30929/  4 | 765
    30930/  4 | 765
    30930/  4 | 765
    30930/  4 | 765
    30930/  4 | 765
    30930/  4 | 765
    30931/  4 | 765
    30931/  4 | 765
    30931/  4 | 765
    30931/  4 | 765
    30932/  4 | 765
    30932/  4 | 765
    30932/  4 | 765
    30932/  4 | 765
    30932/  4 | 765
    30933/  4 | 765
    30933/  4 | 765
    30933/  4 | 765
    30933/  4 | 765
    30933/  4 | 765
    30934/  4 | 765
    30934/  4 | 765
    30934/  4 | 765
    30934/  4 | 765
    30935/  4 | 765
    30935/  4 | 765
    30935/  4 | 765
    30935/  4 | 765
    30935/  4 | 765
    30936/  4 | 765
    30936/  4 | 765
    30936/  4 | 765
    30936/  4 | 765
    30936/  4 | 765
    30937/  4 | 765
    30937/  4 | 765
    30937/  4 | 765
    30937/  4 | 765
    30938/  4 | 765
    30938/  4 | 765
    30938/  4 | 765
    30938/  4 | 765
    30938/  4 | 765
    30939/  4 | 765
    30939/  4 | 765
    30939/  4 | 765
    30939/  4 | 765
    30940/  4 | 765
    30940/  4 | 765
    30940/  4 | 765
    30940/  4 | 765
    30940/  4 | 765
    30941/  4 | 765
    30941/  4 | 765
    30941/  4 | 765
    30941/  4 | 765
    30941/  4 | 765
    30942/  4 | 765
    30942/  4 | 765
    30942/  4 | 765
    30942/  4 | 765
    30943/  4 | 765
    30943/  4 | 765
    30943/  4 | 765
    30943/  4 | 765
    30943/  4 | 765
    30944/  4 | 765
    30944/  4 | 765
    30944/  4 | 765
    30944/  4 | 765
    30944/  4 | 765
    30945/  4 | 765
    30945/  4 | 765
    30945/  4 | 765
    30945/  4 | 765
    30946/  4 | 765
    30946/  4 | 765
    30946/  4 | 765
    30946/  4 | 765
    30946/  4 | 765
    30947/  4 | 765
    30947/  4 | 765
    30947/  4 | 765
    30947/  4 | 765
    30947/  4 | 765
    30948/  4 | 765
    30948/  4 | 765
    30948/  4 | 765
    30948/  4 | 765
    30949/  4 | 765
    30949/  4 | 765
    30949/  4 | 765
    30949/  4 | 765
    30949/  4 | 765
    30950/  4 | 765
    30950/  4 | 765
    30950/  4 | 765
    30950/  4 | 765
    30950/  4 | 765
    30951/  4 | 765
    30951/  4 | 765
    30951/  4 | 765
    30951/  4 | 765
    30952/  4 | 765
    30952/  4 | 765
    30952/  4 | 765
    30952/  4 | 765
    30952/  4 | 765
    30953/  4 | 765
    30953/  4 | 765
    30953/  4 | 765
    30953/  4 | 765
    30954/  4 | 692
    30954/  4 | 692
    30954/  4 | 692
    30954/  4 | 692
    30954/  4 | 692
    30955/  4 | 692
    30955/  4 | 692
    30955/  4 | 692
    30955/  4 | 692
    30955/  4 | 692
    30956/  4 | 692
    30956/  4 | 692
    30956/  4 | 692
    30956/  4 | 692
    30957/  4 | 692
    30957/  4 | 692
    30957/  4 | 692
    30957/  4 | 692
    30957/  4 | 692
    30958/  4 | 692
    30958/  4 | 692
    30958/  4 | 692
    30958/  4 | 692
    30958/  4 | 692
    30959/  4 | 692
    30959/  4 | 692
    30959/  4 | 692
    30959/  4 | 692
    30960/  4 | 692
    30960/  4 | 692
    30960/  4 | 692
    30960/  4 | 692
    30960/  4 | 692
    30961/  4 | 692
    30961/  4 | 692
    30961/  4 | 692
    30961/  4 | 692
    30961/  4 | 692
    30962/  4 | 692
    30962/  4 | 692
    30962/  4 | 692
    30962/  4 | 692
    30963/  4 | 692
    30963/  4 | 692
    30963/  4 | 692
    30963/  4 | 692
    30963/  4 | 692
    30964/  4 | 692
    30964/  4 | 692
    30964/  4 | 692
    30964/  4 | 692
    30964/  4 | 692
    30965/  4 | 692
    30965/  4 | 692
    30965/  4 | 692
    30965/  4 | 692
    30966/  4 | 692
    30966/  4 | 692
    30966/  4 | 692
    30966/  4 | 692
    30966/  4 | 692
    30967/  4 | 692
    30967/  4 | 692
    30967/  4 | 692
    30967/  4 | 692
    30968/  4 | 692
    30968/  4 | 692
    30968/  4 | 692
    30968/  4 | 692
    30968/  4 | 692
    30969/  4 | 692
    30969/  4 | 692
    30969/  4 | 692
    30969/  4 | 692
    30969/  4 | 692
    30970/  4 | 692
    30970/  4 | 692
    30970/  4 | 692
    30970/  4 | 692
    30971/  4 | 692
    30971/  4 | 692
    30971/  4 | 692
    30971/  4 | 692
    30971/  4 | 692
    30972/  4 | 692
    30972/  4 | 692
    30972/  4 | 692
    30972/  4 | 692
    30972/  4 | 692
    30973/  4 | 692
    30973/  4 | 692
    30973/  4 | 692
    30973/  4 | 692
    30974/  4 | 692
    30974/  4 | 692
    30974/  4 | 692
    30974/  4 | 692
    30974/  4 | 692
    30975/  4 | 692
    30975/  4 | 692
    30975/  4 | 692
    30975/  4 | 692
    30975/  4 | 692
    30976/  4 | 692
    30976/  4 | 692
    30976/  4 | 692
    30976/  4 | 692
    30977/  4 | 692
    30977/  4 | 692
    30977/  4 | 692
    30977/  4 | 692
    30977/  4 | 692
    30978/  4 | 692
    30978/  4 | 692
    30978/  4 | 692
    30978/  4 | 692
    30978/  4 | 692
    30979/  4 | 692
    30979/  4 | 692
    30979/  4 | 692
    30979/  4 | 692
    30980/  4 | 692
    30980/  4 | 692
    30980/  4 | 692
    30980/  4 | 692
    30980/  4 | 692
    30981/  4 | 692
    30981/  4 | 692
    30981/  4 | 692
    30981/  4 | 692
    30982/  4 | 692
    30982/  4 | 692
    30982/  4 | 692
    30982/  4 | 692
    30982/  4 | 692
    30983/  4 | 692
    30983/  4 | 692
    30983/  4 | 692
    30983/  4 | 692
    30983/  4 | 692
    30984/  4 | 692
    30984/  4 | 692
    30984/  4 | 692
    30984/  4 | 692
    30985/  4 | 692
    30985/  4 | 692
    30985/  4 | 692
    30985/  4 | 692
    30985/  4 | 692
    30986/  4 | 692
    30986/  4 | 692
    30986/  4 | 692
    30990/  4 | 26295
    30991/  4 | 26295
    30991/  4 | 633
    30991/  4 | 633
    30991/  4 | 633
    30991/  4 | 633
    30992/  4 | 633
    30992/  4 | 633
    30992/  4 | 633
    30992/  4 | 633
    30992/  4 | 633
    30993/  4 | 633
    30993/  4 | 633
    30993/  4 | 633
    30993/  4 | 633
    30994/  4 | 633
    30994/  4 | 633
    30994/  4 | 633
    30994/  4 | 633
    30994/  4 | 633
    30995/  4 | 633
    30995/  4 | 633
    30995/  4 | 633
    30995/  4 | 633
    30995/  4 | 633
    30996/  4 | 633
    30996/  4 | 633
    30996/  4 | 633
    30996/  4 | 633
    30997/  4 | 633
    30997/  4 | 633
    30997/  4 | 633
    30997/  4 | 633
    30997/  4 | 633
    30998/  4 | 633
    30998/  4 | 633
    30998/  4 | 633
    30998/  4 | 633
    30999/  4 | 633
    30999/  4 | 633
    30999/  4 | 633
    30999/  4 | 633
    30999/  4 | 633
    31000/  4 | 633
    31000/  4 | 633
    31000/  4 | 633
    31000/  4 | 633
    31000/  4 | 633
    31001/  4 | 633
    31001/  4 | 633
    31001/  4 | 633
    31001/  4 | 633
    31002/  4 | 633
    31002/  4 | 633
    31002/  4 | 633
    31002/  4 | 633
    31002/  4 | 633
    31003/  4 | 633
    31003/  4 | 633
    31003/  4 | 633
    31003/  4 | 633
    31003/  4 | 633
    31004/  4 | 633
    31004/  4 | 633
    31004/  4 | 633
    31004/  4 | 633
    31005/  4 | 633
    31005/  4 | 633
    31005/  4 | 633
    31005/  4 | 633
    31005/  4 | 633
    31006/  4 | 633
    31006/  4 | 633
    31006/  4 | 633
    31006/  4 | 633
    31006/  4 | 633
    31007/  4 | 633
    31007/  4 | 633
    31007/  4 | 633
    31007/  4 | 633
    31008/  4 | 633
    31008/  4 | 633
    31008/  4 | 633
    31008/  4 | 633
    31008/  4 | 633
    31009/  4 | 633
    31009/  4 | 633
    31009/  4 | 633
    31009/  4 | 633
    31009/  4 | 633
    31010/  4 | 633
    31010/  4 | 633
    31010/  4 | 633
    31010/  4 | 633
    31011/  4 | 633
    31011/  4 | 633
    31011/  4 | 633
    31011/  4 | 633
    31011/  4 | 633
    31012/  4 | 633
    31012/  4 | 633
    31012/  4 | 633
    31012/  4 | 633
    31013/  4 | 633
    31013/  4 | 633
    31013/  4 | 633
    31013/  4 | 633
    31013/  4 | 633
    31014/  4 | 633
    31014/  4 | 633
    31014/  4 | 633
    31014/  4 | 633
    31014/  4 | 633
    31015/  4 | 633
    31015/  4 | 633
    31015/  4 | 633
    31015/  4 | 633
    31016/  4 | 633
    31016/  4 | 633
    31016/  4 | 633
    31016/  4 | 633
    31016/  4 | 633
    31017/  4 | 633
    31017/  4 | 633
    31017/  4 | 633
    31017/  4 | 633
    31017/  4 | 633
    31018/  4 | 633
    31018/  4 | 633
    31018/  4 | 633
    31018/  4 | 633
    31019/  4 | 633
    31019/  4 | 633
    31019/  4 | 633
    31019/  4 | 633
    31019/  4 | 633
    31020/  4 | 633
    31020/  4 | 633
    31020/  4 | 633
    31020/  4 | 633
    31020/  4 | 633
    31021/  4 | 633
    31021/  4 | 633
    31021/  4 | 633
    31021/  4 | 633
    31022/  4 | 633
    31022/  4 | 633
    31022/  4 | 633
    31022/  4 | 633
    31022/  4 | 633
    31023/  4 | 633
    31023/  4 | 633
    31023/  4 | 633
    31023/  4 | 633
    31023/  4 | 633
    31024/  4 | 633
    31024/  4 | 633
    31024/  4 | 633
    31024/  4 | 633
    31025/  4 | 633
    31025/  4 | 633
    31025/  4 | 633
    31025/  4 | 633
    31025/  4 | 633
    31026/  4 | 633
    31026/  4 | 633
    31026/  4 | 633
    31026/  4 | 633
    31027/  4 | 633
    31027/  4 | 633
    31027/  4 | 633
    31027/  4 | 633
    31027/  4 | 633
    31028/  4 | 633
    31028/  4 | 633
    31028/  4 | 633
    31028/  4 | 608
    31028/  4 | 608
    31029/  4 | 608
    31029/  4 | 608
    31029/  4 | 608
    31029/  4 | 608
    31030/  4 | 608
    31030/  4 | 608
    31030/  4 | 608
    31030/  4 | 608
    31030/  4 | 608
    31031/  4 | 608
    31031/  4 | 608
    31031/  4 | 608
    31031/  4 | 608
    31031/  4 | 608
    31032/  4 | 608
    31032/  4 | 608
    31032/  4 | 608
    31032/  4 | 608
    31033/  4 | 608
    31033/  4 | 608
    31033/  4 | 608
    31033/  4 | 608
    31033/  4 | 608
    31034/  4 | 608
    31034/  4 | 608
    31034/  4 | 608
    31034/  4 | 608
    31034/  4 | 608
    31035/  4 | 608
    31035/  4 | 608
    31035/  4 | 608
    31035/  4 | 608
    31036/  4 | 608
    31036/  4 | 608
    31036/  4 | 608
    31036/  4 | 608
    31036/  4 | 608
    31037/  4 | 608
    31037/  4 | 608
    31037/  4 | 608
    31037/  4 | 608
    31038/  4 | 608
    31038/  4 | 608
    31038/  4 | 608
    31038/  4 | 608
    31038/  4 | 608
    31039/  4 | 608
    31039/  4 | 608
    31039/  4 | 608
    31039/  4 | 608
    31039/  4 | 608
    31040/  4 | 608
    31040/  4 | 608
    31040/  4 | 608
    31040/  4 | 608
    31041/  4 | 608
    31041/  4 | 608
    31041/  4 | 608
    31041/  4 | 608
    31041/  4 | 608
    31042/  4 | 608
    31042/  4 | 608
    31042/  4 | 608
    31042/  4 | 608
    31042/  4 | 608
    31043/  4 | 608
    31043/  4 | 608
    31043/  4 | 608
    31043/  4 | 608
    31044/  4 | 608
    31044/  4 | 608
    31044/  4 | 608
    31044/  4 | 608
    31044/  4 | 608
    31045/  4 | 608
    31045/  4 | 608
    31045/  4 | 608
    31045/  4 | 608
    31045/  4 | 608
    31046/  4 | 608
    31046/  4 | 608
    31046/  4 | 608
    31046/  4 | 608
    31047/  4 | 608
    31047/  4 | 608
    31047/  4 | 608
    31047/  4 | 608
    31047/  4 | 608
    31048/  4 | 608
    31048/  4 | 608
    31048/  4 | 608
    31048/  4 | 608
    31048/  4 | 608
    31049/  4 | 608
    31049/  4 | 608
    31049/  4 | 608
    31049/  4 | 608
    31050/  4 | 608
    31050/  4 | 608
    31050/  4 | 608
    31050/  4 | 608
    31050/  4 | 608
    31051/  4 | 608
    31051/  4 | 608
    31051/  4 | 608
    31051/  4 | 608
    31052/  4 | 608
    31052/  4 | 608
    31052/  4 | 608
    31052/  4 | 608
    31052/  4 | 608
    31053/  4 | 608
    31053/  4 | 608
    31053/  4 | 608
    31053/  4 | 608
    31053/  4 | 608
    31054/  4 | 608
    31054/  4 | 608
    31054/  4 | 608
    31054/  4 | 608
    31055/  4 | 608
    31055/  4 | 608
    31055/  4 | 608
    31055/  4 | 608
    31055/  4 | 608
    31056/  4 | 608
    31056/  4 | 608
    31056/  4 | 608
    31056/  4 | 608
    31056/  4 | 608
    31057/  4 | 608
    31057/  4 | 608
    31057/  4 | 608
    31057/  4 | 608
    31058/  4 | 608
    31058/  4 | 608
    31058/  4 | 608
    31058/  4 | 608
    31058/  4 | 608
    31059/  4 | 608
    31059/  4 | 608
    31059/  4 | 608
    31059/  4 | 608
    31059/  4 | 608
    31060/  4 | 608
    31060/  4 | 608
    31060/  4 | 608
    31060/  4 | 608
    31061/  4 | 608
    31061/  4 | 608
    31061/  4 | 608
    31061/  4 | 608
    31061/  4 | 608
    31062/  4 | 608
    31062/  4 | 608
    31062/  4 | 608
    31062/  4 | 608
    31062/  4 | 608
    31063/  4 | 608
    31063/  4 | 608
    31063/  4 | 608
    31063/  4 | 608
    31064/  4 | 608
    31064/  4 | 608
    31064/  4 | 608
    31064/  4 | 608
    31064/  4 | 608
    31065/  4 | 608
    31065/  4 | 608
    31065/  4 | 608
    31065/  4 | 608
    31066/  4 | 551
    31066/  4 | 551
    31066/  4 | 551
    31066/  4 | 551
    31066/  4 | 551
    31067/  4 | 551
    31067/  4 | 551
    31067/  4 | 551
    31067/  4 | 551
    31067/  4 | 551
    31068/  4 | 551
    31068/  4 | 551
    31068/  4 | 551
    31068/  4 | 551
    31069/  4 | 551
    31069/  4 | 551
    31069/  4 | 551
    31069/  4 | 551
    31069/  4 | 551
    31070/  4 | 551
    31070/  4 | 551
    31070/  4 | 551
    31070/  4 | 551
    31070/  4 | 551
    31071/  4 | 551
    31071/  4 | 551
    31071/  4 | 551
    31071/  4 | 551
    31072/  4 | 551
    31072/  4 | 551
    31072/  4 | 551
    31072/  4 | 551
    31072/  4 | 551
    31073/  4 | 551
    31073/  4 | 551
    31073/  4 | 551
    31073/  4 | 551
    31073/  4 | 551
    31074/  4 | 551
    31074/  4 | 551
    31074/  4 | 551
    31074/  4 | 551
    31075/  4 | 551
    31075/  4 | 551
    31075/  4 | 551
    31075/  4 | 551
    31075/  4 | 551
    31076/  4 | 551
    31076/  4 | 551
    31076/  4 | 551
    31076/  4 | 551
    31076/  4 | 551
    31077/  4 | 551
    31077/  4 | 551
    31077/  4 | 551
    31077/  4 | 551
    31078/  4 | 551
    31078/  4 | 551
    31078/  4 | 551
    31078/  4 | 551
    31078/  4 | 551
    31079/  4 | 551
    31079/  4 | 551
    31079/  4 | 551
    31079/  4 | 551
    31080/  4 | 551
    31080/  4 | 551
    31080/  4 | 551
    31080/  4 | 551
    31080/  4 | 551
    31081/  4 | 551
    31081/  4 | 551
    31081/  4 | 551
    31081/  4 | 551
    31081/  4 | 551
    31082/  4 | 551
    31082/  4 | 551
    31082/  4 | 551
    31082/  4 | 551
    31083/  4 | 551
    31083/  4 | 551
    31083/  4 | 551
    31083/  4 | 551
    31083/  4 | 551
    31084/  4 | 551
    31084/  4 | 551
    31084/  4 | 551
    31084/  4 | 551
    31084/  4 | 551
    31085/  4 | 551
    31085/  4 | 551
    31085/  4 | 551
    31085/  4 | 551
    31086/  4 | 551
    31086/  4 | 551
    31086/  4 | 551
    31086/  4 | 551
    31086/  4 | 551
    31087/  4 | 551
    31087/  4 | 551
    31087/  4 | 551
    31087/  4 | 551
    31087/  4 | 551
    31088/  4 | 551
    31088/  4 | 551
    31088/  4 | 551
    31088/  4 | 551
    31089/  4 | 551
    31089/  4 | 551
    31089/  4 | 551
    31089/  4 | 551
    31089/  4 | 551
    31090/  4 | 551
    31090/  4 | 551
    31090/  4 | 551
    31090/  4 | 551
    31091/  4 | 551
    31091/  4 | 551
    31091/  4 | 551
    31091/  4 | 551
    31091/  4 | 551
    31092/  4 | 551
    31092/  4 | 551
    31092/  4 | 551
    31092/  4 | 551
    31092/  4 | 551
    31093/  4 | 551
    31093/  4 | 551
    31093/  4 | 551
    31093/  4 | 551
    31094/  4 | 551
    31097/  4 | 20496
    31098/  4 | 20496
    31098/  4 | 20496
    31098/  4 | 20496
    31098/  4 | 20496
    31099/  4 | 20496
    31099/  4 | 20496
    31099/  4 | 20496
    31099/  4 | 20496
    31099/  4 | 20496
    31100/  4 | 20496
    31100/  4 | 20496
    31100/  4 | 20496
    31100/  4 | 20496
    31101/  4 | 20496
    31101/  4 | 20496
    31101/  4 | 20496
    31101/  4 | 20496
    31102/  4 | 20496
    31102/  4 | 20496
    31102/  4 | 20496
    31102/  4 | 20496
    31103/  4 | 20496
    31103/  4 | 492
    31103/  4 | 492
    31103/  4 | 492
    31103/  4 | 492
    31104/  4 | 492
    31104/  4 | 492
    31104/  4 | 492
    31104/  4 | 492
    31105/  4 | 492
    31105/  4 | 492
    31105/  4 | 492
    31105/  4 | 492
    31105/  4 | 492
    31106/  4 | 492
    31106/  4 | 492
    31106/  4 | 492
    31106/  4 | 492
    31106/  4 | 492
    31107/  4 | 492
    31107/  4 | 492
    31107/  4 | 492
    31107/  4 | 492
    31108/  4 | 492
    31108/  4 | 492
    31108/  4 | 492
    31108/  4 | 492
    31108/  4 | 492
    31109/  4 | 492
    31109/  4 | 492
    31109/  4 | 492
    31109/  4 | 492
    31109/  4 | 492
    31110/  4 | 492
    31110/  4 | 492
    31110/  4 | 492
    31110/  4 | 492
    31111/  4 | 492
    31111/  4 | 492
    31111/  4 | 492
    31111/  4 | 492
    31111/  4 | 492
    31112/  4 | 492
    31112/  4 | 492
    31112/  4 | 492
    31112/  4 | 492
    31113/  4 | 492
    31113/  4 | 492
    31113/  4 | 492
    31113/  4 | 492
    31113/  4 | 492
    31114/  4 | 492
    31114/  4 | 492
    31114/  4 | 492
    31114/  4 | 492
    31114/  4 | 492
    31115/  4 | 492
    31115/  4 | 492
    31115/  4 | 492
    31115/  4 | 492
    31116/  4 | 492
    31116/  4 | 492
    31116/  4 | 492
    31116/  4 | 492
    31116/  4 | 492
    31117/  4 | 492
    31117/  4 | 492
    31117/  4 | 492
    31117/  4 | 492
    31117/  4 | 492
    31118/  4 | 492
    31118/  4 | 492
    31118/  4 | 492
    31118/  4 | 492
    31119/  4 | 492
    31119/  4 | 492
    31119/  4 | 492
    31119/  4 | 492
    31119/  4 | 492
    31120/  4 | 492
    31120/  4 | 492
    31120/  4 | 492
    31120/  4 | 492
    31120/  4 | 492
    31121/  4 | 492
    31121/  4 | 492
    31121/  4 | 492
    31121/  4 | 492
    31122/  4 | 492
    31122/  4 | 492
    31122/  4 | 492
    31122/  4 | 492
    31122/  4 | 492
    31123/  4 | 492
    31123/  4 | 492
    31123/  4 | 492
    31123/  4 | 492
    31123/  4 | 492
    31124/  4 | 492
    31124/  4 | 492
    31124/  4 | 492
    31124/  4 | 492
    31125/  4 | 492
    31125/  4 | 492
    31125/  4 | 492
    31125/  4 | 492
    31125/  4 | 492
    31126/  4 | 492
    31126/  4 | 492
    31126/  4 | 492
    31126/  4 | 492
    31127/  4 | 492
    31127/  4 | 492
    31127/  4 | 492
    31127/  4 | 492
    31127/  4 | 492
    31128/  4 | 492
    31128/  4 | 492
    31128/  4 | 492
    31128/  4 | 492
    31128/  4 | 492
    31129/  4 | 492
    31129/  4 | 492
    31129/  4 | 492
    31129/  4 | 492
    31130/  4 | 492
    31130/  4 | 492
    31130/  4 | 492
    31130/  4 | 492
    31130/  4 | 492
    31131/  4 | 492
    31131/  4 | 492
    31131/  4 | 492
    31131/  4 | 492
    31131/  4 | 492
    31132/  4 | 492
    31132/  4 | 492
    31132/  4 | 492
    31132/  4 | 492
    31133/  4 | 492
    31133/  4 | 492
    31133/  4 | 492
    31133/  4 | 492
    31133/  4 | 492
    31134/  4 | 492
    31134/  4 | 492
    31134/  4 | 492
    31134/  4 | 492
    31134/  4 | 492
    31135/  4 | 492
    31135/  4 | 492
    31135/  4 | 492
    31135/  4 | 492
    31136/  4 | 492
    31136/  4 | 492
    31136/  4 | 492
    31136/  4 | 492
    31136/  4 | 492
    31137/  4 | 492
    31137/  4 | 492
    31137/  4 | 492
    31137/  4 | 492
    31137/  4 | 492
    31138/  4 | 492
    31138/  4 | 492
    31138/  4 | 492
    31138/  4 | 492
    31139/  4 | 492
    31139/  4 | 492
    31139/  4 | 492
    31139/  4 | 492
    31139/  4 | 492
    31140/  4 | 492
    31140/  4 | 492
    31140/  4 | 522
    31140/  4 | 522
    31141/  4 | 522
    31141/  4 | 522
    31141/  4 | 522
    31141/  4 | 522
    31141/  4 | 522
    31142/  4 | 522
    31142/  4 | 522
    31142/  4 | 522
    31142/  4 | 522
    31142/  4 | 522
    31143/  4 | 522
    31143/  4 | 522
    31143/  4 | 522
    31143/  4 | 522
    31144/  4 | 522
    31144/  4 | 522
    31144/  4 | 522
    31144/  4 | 522
    31144/  4 | 522
    31145/  4 | 522
    31145/  4 | 522
    31145/  4 | 522
    31145/  4 | 522
    31145/  4 | 522
    31146/  4 | 522
    31146/  4 | 522
    31146/  4 | 522
    31146/  4 | 522
    31147/  4 | 522
    31147/  4 | 522
    31147/  4 | 522
    31147/  4 | 522
    31147/  4 | 522
    31148/  4 | 522
    31148/  4 | 522
    31148/  4 | 522
    31148/  4 | 522
    31148/  4 | 522
    31149/  4 | 522
    31149/  4 | 522
    31149/  4 | 522
    31149/  4 | 522
    31150/  4 | 522
    31150/  4 | 522
    31150/  4 | 522
    31150/  4 | 522
    31150/  4 | 522
    31151/  4 | 522
    31151/  4 | 522
    31151/  4 | 522
    31151/  4 | 522
    31151/  4 | 522
    31152/  4 | 522
    31152/  4 | 522
    31152/  4 | 522
    31152/  4 | 522
    31153/  4 | 522
    31153/  4 | 522
    31153/  4 | 522
    31153/  4 | 522
    31153/  4 | 522
    31154/  4 | 522
    31154/  4 | 522
    31154/  4 | 522
    31154/  4 | 522
    31155/  4 | 522
    31155/  4 | 522
    31155/  4 | 522
    31155/  4 | 522
    31155/  4 | 522
    31156/  4 | 522
    31156/  4 | 522
    31156/  4 | 522
    31156/  4 | 522
    31156/  4 | 522
    31157/  4 | 522
    31157/  4 | 522
    31157/  4 | 522
    31157/  4 | 522
    31158/  4 | 522
    31158/  4 | 522
    31158/  4 | 522
    31158/  4 | 522
    31158/  4 | 522
    31159/  4 | 522
    31159/  4 | 522
    31159/  4 | 522
    31159/  4 | 522
    31159/  4 | 522
    31160/  4 | 522
    31160/  4 | 522
    31160/  4 | 522
    31160/  4 | 522
    31161/  4 | 522
    31161/  4 | 522
    31161/  4 | 522
    31161/  4 | 522
    31161/  4 | 522
    31162/  4 | 522
    31162/  4 | 522
    31162/  4 | 522
    31162/  4 | 522
    31162/  4 | 522
    31163/  4 | 522
    31163/  4 | 522
    31163/  4 | 522
    31163/  4 | 522
    31164/  4 | 522
    31164/  4 | 522
    31164/  4 | 522
    31164/  4 | 522
    31164/  4 | 522
    31165/  4 | 522
    31165/  4 | 522
    31165/  4 | 522
    31165/  4 | 522
    31166/  4 | 522
    31166/  4 | 522
    31166/  4 | 522
    31166/  4 | 522
    31166/  4 | 522
    31167/  4 | 522
    31167/  4 | 522
    31167/  4 | 522
    31167/  4 | 522
    31167/  4 | 522
    31168/  4 | 522
    31168/  4 | 522
    31168/  4 | 522
    31168/  4 | 522
    31169/  4 | 522
    31169/  4 | 522
    31169/  4 | 522
    31169/  4 | 522
    31169/  4 | 522
    31170/  4 | 522
    31170/  4 | 522
    31170/  4 | 522
    31170/  4 | 522
    31170/  4 | 522
    31171/  4 | 522
    31171/  4 | 522
    31171/  4 | 522
    31171/  4 | 522
    31172/  4 | 522
    31172/  4 | 522
    31172/  4 | 522
    31172/  4 | 522
    31172/  4 | 522
    31173/  4 | 522
    31173/  4 | 522
    31173/  4 | 522
    31173/  4 | 522
    31173/  4 | 522
    31174/  4 | 522
    31174/  4 | 522
    31174/  4 | 522
    31174/  4 | 522
    31175/  4 | 522
    31175/  4 | 522
    31175/  4 | 522
    31175/  4 | 522
    31175/  4 | 522
    31176/  4 | 522
    31176/  4 | 522
    31176/  4 | 522
    31176/  4 | 522
    31176/  4 | 522
    31177/  4 | 522
    31177/  4 | 522
    31177/  4 | 522
    31177/  4 | 522
    31178/  4 | 488
    31178/  4 | 488
    31178/  4 | 488
    31178/  4 | 488
    31178/  4 | 488
    31179/  4 | 488
    31179/  4 | 488
    31179/  4 | 488
    31179/  4 | 488
    31180/  4 | 488
    31180/  4 | 488
    31180/  4 | 488
    31180/  4 | 488
    31180/  4 | 488
    31181/  4 | 488
    31181/  4 | 488
    31181/  4 | 488
    31181/  4 | 488
    31181/  4 | 488
    31182/  4 | 488
    31182/  4 | 488
    31182/  4 | 488
    31182/  4 | 488
    31183/  4 | 488
    31183/  4 | 488
    31183/  4 | 488
    31183/  4 | 488
    31183/  4 | 488
    31184/  4 | 488
    31184/  4 | 488
    31184/  4 | 488
    31184/  4 | 488
    31184/  4 | 488
    31185/  4 | 488
    31185/  4 | 488
    31185/  4 | 488
    31185/  4 | 488
    31186/  4 | 488
    31186/  4 | 488
    31186/  4 | 488
    31186/  4 | 488
    31186/  4 | 488
    31187/  4 | 488
    31187/  4 | 488
    31187/  4 | 488
    31187/  4 | 488
    31187/  4 | 488
    31188/  4 | 488
    31188/  4 | 488
    31188/  4 | 488
    31188/  4 | 488
    31189/  4 | 488
    31189/  4 | 488
    31189/  4 | 488
    31189/  4 | 488
    31189/  4 | 488
    31190/  4 | 488
    31190/  4 | 488
    31190/  4 | 488
    31190/  4 | 488
    31190/  4 | 488
    31191/  4 | 488
    31191/  4 | 488
    31191/  4 | 488
    31191/  4 | 488
    31192/  4 | 488
    31192/  4 | 488
    31192/  4 | 488
    31192/  4 | 488
    31192/  4 | 488
    31193/  4 | 488
    31193/  4 | 488
    31193/  4 | 488
    31193/  4 | 488
    31194/  4 | 488
    31194/  4 | 488
    31194/  4 | 488
    31194/  4 | 488
    31194/  4 | 488
    31195/  4 | 488
    31195/  4 | 488
    31195/  4 | 488
    31195/  4 | 488
    31195/  4 | 488
    31196/  4 | 488
    31196/  4 | 488
    31196/  4 | 488
    31196/  4 | 488
    31197/  4 | 488
    31197/  4 | 488
    31197/  4 | 488
    31197/  4 | 488
    31197/  4 | 488
    31198/  4 | 488
    31198/  4 | 488
    31198/  4 | 488
    31198/  4 | 488
    31198/  4 | 488
    31199/  4 | 488
    31199/  4 | 488
    31199/  4 | 488
    31199/  4 | 488
    31200/  4 | 488
    31200/  4 | 488
    31200/  4 | 488
    31200/  4 | 488
    31200/  4 | 488
    31201/  4 | 488
    31201/  4 | 488
    31201/  4 | 488
    31205/  4 | 15794
    31205/  4 | 15794
    31206/  4 | 15794
    31206/  4 | 15794
    31206/  4 | 15794
    31206/  4 | 15794
    31207/  4 | 15794
    31207/  4 | 15794
    31207/  4 | 15794
    31207/  4 | 15794
    31207/  4 | 15794
    31208/  4 | 15794
    31208/  4 | 15794
    31208/  4 | 15794
    31208/  4 | 15794
    31209/  4 | 15794
    31209/  4 | 15794
    31209/  4 | 15794
    31209/  4 | 15794
    31210/  4 | 15794
    31210/  4 | 15794
    31210/  4 | 15794
    31210/  4 | 15794
    31211/  4 | 15794
    31211/  4 | 15794
    31211/  4 | 15794
    31211/  4 | 15794
    31212/  4 | 15794
    31212/  4 | 15794
    31212/  4 | 15794
    31212/  4 | 15794
    31212/  4 | 15794
    31213/  4 | 15794
    31213/  4 | 15794
    31213/  4 | 15794
    31213/  4 | 15794
    31214/  4 | 15794
    31214/  4 | 15794
    31214/  4 | 15794
    31214/  4 | 15794
    31215/  4 | 15794
    31215/  4 | 450
    31215/  4 | 450
    31215/  4 | 450
    31215/  4 | 450
    31216/  4 | 450
    31216/  4 | 450
    31216/  4 | 450
    31216/  4 | 450
    31217/  4 | 450
    31217/  4 | 450
    31217/  4 | 450
    31217/  4 | 450
    31217/  4 | 450
    31218/  4 | 450
    31218/  4 | 450
    31218/  4 | 450
    31218/  4 | 450
    31219/  4 | 450
    31219/  4 | 450
    31219/  4 | 450
    31219/  4 | 450
    31219/  4 | 450
    31220/  4 | 450
    31220/  4 | 450
    31220/  4 | 450
    31220/  4 | 450
    31220/  4 | 450
    31221/  4 | 450
    31221/  4 | 450
    31221/  4 | 450
    31221/  4 | 450
    31222/  4 | 450
    31222/  4 | 450
    31222/  4 | 450
    31222/  4 | 450
    31222/  4 | 450
    31223/  4 | 450
    31223/  4 | 450
    31223/  4 | 450
    31223/  4 | 450
    31223/  4 | 450
    31224/  4 | 450
    31224/  4 | 450
    31224/  4 | 450
    31224/  4 | 450
    31225/  4 | 450
    31225/  4 | 450
    31225/  4 | 450
    31225/  4 | 450
    31225/  4 | 450
    31226/  4 | 450
    31226/  4 | 450
    31226/  4 | 450
    31226/  4 | 450
    31226/  4 | 450
    31227/  4 | 450
    31227/  4 | 450
    31227/  4 | 450
    31227/  4 | 450
    31228/  4 | 450
    31228/  4 | 450
    31228/  4 | 450
    31228/  4 | 450
    31228/  4 | 450
    31229/  4 | 450
    31229/  4 | 450
    31229/  4 | 450
    31229/  4 | 450
    31230/  4 | 450
    31230/  4 | 450
    31230/  4 | 450
    31230/  4 | 450
    31230/  4 | 450
    31231/  4 | 450
    31231/  4 | 450
    31231/  4 | 450
    31231/  4 | 450
    31231/  4 | 450
    31232/  4 | 450
    31232/  4 | 450
    31232/  4 | 450
    31232/  4 | 450
    31233/  4 | 450
    31233/  4 | 450
    31233/  4 | 450
    31233/  4 | 450
    31233/  4 | 450
    31234/  4 | 450
    31234/  4 | 450
    31234/  4 | 450
    31234/  4 | 450
    31234/  4 | 450
    31235/  4 | 450
    31235/  4 | 450
    31235/  4 | 450
    31235/  4 | 450
    31236/  4 | 450
    31236/  4 | 450
    31236/  4 | 450
    31236/  4 | 450
    31236/  4 | 450
    31237/  4 | 450
    31237/  4 | 450
    31237/  4 | 450
    31237/  4 | 450
    31237/  4 | 450
    31238/  4 | 450
    31238/  4 | 450
    31238/  4 | 450
    31238/  4 | 450
    31239/  4 | 450
    31239/  4 | 450
    31239/  4 | 450
    31239/  4 | 450
    31239/  4 | 450
    31240/  4 | 450
    31240/  4 | 450
    31240/  4 | 450
    31240/  4 | 450
    31240/  4 | 450
    31241/  4 | 450
    31241/  4 | 450
    31241/  4 | 450
    31241/  4 | 450
    31242/  4 | 450
    31242/  4 | 450
    31242/  4 | 450
    31242/  4 | 450
    31242/  4 | 450
    31243/  4 | 450
    31243/  4 | 450
    31243/  4 | 450
    31243/  4 | 450
    31244/  4 | 450
    31244/  4 | 450
    31244/  4 | 450
    31244/  4 | 450
    31244/  4 | 450
    31245/  4 | 450
    31245/  4 | 450
    31245/  4 | 450
    31245/  4 | 450
    31245/  4 | 450
    31246/  4 | 450
    31246/  4 | 450
    31246/  4 | 450
    31246/  4 | 450
    31247/  4 | 450
    31247/  4 | 450
    31247/  4 | 450
    31247/  4 | 450
    31247/  4 | 450
    31248/  4 | 450
    31248/  4 | 450
    31248/  4 | 450
    31248/  4 | 450
    31248/  4 | 450
    31249/  4 | 450
    31249/  4 | 450
    31249/  4 | 450
    31249/  4 | 450
    31250/  4 | 450
    31250/  4 | 450
    31250/  4 | 450
    31250/  4 | 450
    31250/  4 | 450
    31251/  4 | 450
    31251/  4 | 450
    31251/  4 | 450
    31251/  4 | 450
    31251/  4 | 450
    31252/  4 | 450
    31252/  4 | 450
    31252/  4 | 407
    31252/  4 | 407
    31253/  4 | 407
    31253/  4 | 407
    31253/  4 | 407
    31253/  4 | 407
    31253/  4 | 407
    31254/  4 | 407
    31254/  4 | 407
    31254/  4 | 407
    31254/  4 | 407
    31254/  4 | 407
    31255/  4 | 407
    31255/  4 | 407
    31255/  4 | 407
    31255/  4 | 407
    31256/  4 | 407
    31256/  4 | 407
    31256/  4 | 407
    31256/  4 | 407
    31256/  4 | 407
    31257/  4 | 407
    31257/  4 | 407
    31257/  4 | 407
    31257/  4 | 407
    31258/  4 | 407
    31258/  4 | 407
    31258/  4 | 407
    31258/  4 | 407
    31258/  4 | 407
    31259/  4 | 407
    31259/  4 | 407
    31259/  4 | 407
    31259/  4 | 407
    31259/  4 | 407
    31260/  4 | 407
    31260/  4 | 407
    31260/  4 | 407
    31260/  4 | 407
    31261/  4 | 407
    31261/  4 | 407
    31261/  4 | 407
    31261/  4 | 407
    31261/  4 | 407
    31262/  4 | 407
    31262/  4 | 407
    31262/  4 | 407
    31262/  4 | 407
    31262/  4 | 407
    31263/  4 | 407
    31263/  4 | 407
    31263/  4 | 407
    31263/  4 | 407
    31264/  4 | 407
    31264/  4 | 407
    31264/  4 | 407
    31264/  4 | 407
    31264/  4 | 407
    31265/  4 | 407
    31265/  4 | 407
    31265/  4 | 407
    31265/  4 | 407
    31265/  4 | 407
    31266/  4 | 407
    31266/  4 | 407
    31266/  4 | 407
    31266/  4 | 407
    31267/  4 | 407
    31267/  4 | 407
    31267/  4 | 407
    31267/  4 | 407
    31267/  4 | 407
    31268/  4 | 407
    31268/  4 | 407
    31268/  4 | 407
    31268/  4 | 407
    31268/  4 | 407
    31269/  4 | 407
    31269/  4 | 407
    31269/  4 | 407
    31269/  4 | 407
    31270/  4 | 407
    31270/  4 | 407
    31270/  4 | 407
    31270/  4 | 407
    31270/  4 | 407
    31271/  4 | 407
    31271/  4 | 407
    31271/  4 | 407
    31271/  4 | 407
    31272/  4 | 407
    31272/  4 | 407
    31272/  4 | 407
    31272/  4 | 407
    31272/  4 | 407
    31273/  4 | 407
    31273/  4 | 407
    31273/  4 | 407
    31273/  4 | 407
    31273/  4 | 407
    31274/  4 | 407
    31274/  4 | 407
    31274/  4 | 407
    31274/  4 | 407
    31275/  4 | 407
    31275/  4 | 407
    31275/  4 | 407
    31275/  4 | 407
    31275/  4 | 407
    31276/  4 | 407
    31276/  4 | 407
    31276/  4 | 407
    31276/  4 | 407
    31276/  4 | 407
    31277/  4 | 407
    31277/  4 | 407
    31277/  4 | 407
    31277/  4 | 407
    31278/  4 | 407
    31278/  4 | 407
    31278/  4 | 407
    31278/  4 | 407
    31278/  4 | 407
    31279/  4 | 407
    31279/  4 | 407
    31279/  4 | 407
    31279/  4 | 407
    31279/  4 | 407
    31280/  4 | 407
    31280/  4 | 407
    31280/  4 | 407
    31280/  4 | 407
    31281/  4 | 407
    31281/  4 | 407
    31281/  4 | 407
    31281/  4 | 407
    31281/  4 | 407
    31282/  4 | 407
    31282/  4 | 407
    31282/  4 | 407
    31282/  4 | 407
    31283/  4 | 407
    31283/  4 | 407
    31283/  4 | 407
    31283/  4 | 407
    31283/  4 | 407
    31284/  4 | 407
    31284/  4 | 407
    31284/  4 | 407
    31284/  4 | 407
    31284/  4 | 407
    31285/  4 | 407
    31285/  4 | 407
    31285/  4 | 407
    31285/  4 | 407
    31286/  4 | 407
    31286/  4 | 407
    31286/  4 | 407
    31286/  4 | 407
    31286/  4 | 407
    31287/  4 | 407
    31287/  4 | 407
    31287/  4 | 407
    31287/  4 | 407
    31287/  4 | 407
    31288/  4 | 407
    31288/  4 | 407
    31288/  4 | 407
    31288/  4 | 407
    31289/  4 | 407
    31289/  4 | 407
    31289/  4 | 407
    31289/  4 | 407
    31289/  4 | 407
    31290/  4 | 407
    31290/  4 | 407
    31290/  4 | 407
    31290/  4 | 407
    31290/  4 | 407
    31291/  4 | 407
    31291/  4 | 407
    31291/  4 | 407
    31291/  4 | 407
    31292/  4 | 407
    31292/  4 | 407
    31292/  4 | 407
    31292/  4 | 407
    31292/  4 | 407
    31293/  4 | 407
    31293/  4 | 407
    31293/  4 | 407
    31293/  4 | 407
    31293/  4 | 407
    31294/  4 | 407
    31294/  4 | 407
    31294/  4 | 407
    31294/  4 | 407
    31295/  4 | 407
    31295/  4 | 407
    31295/  4 | 407
    31295/  4 | 407
    31295/  4 | 407
    31296/  4 | 407
    31296/  4 | 407
    31296/  4 | 407
    31296/  4 | 407
    31297/  4 | 407
    31297/  4 | 407
    31297/  4 | 407
    31297/  4 | 407
    31297/  4 | 407
    31298/  4 | 407
    31298/  4 | 407
    31298/  4 | 407
    31298/  4 | 407
    31298/  4 | 407
    31299/  4 | 407
    31299/  4 | 407
    31299/  4 | 407
    31299/  4 | 407
    31300/  4 | 407
    31300/  4 | 407
    31300/  4 | 407
    31300/  4 | 407
    31300/  4 | 407
    31301/  4 | 407
    31301/  4 | 407
    31301/  4 | 407
    31301/  4 | 407
    31301/  4 | 407
    31302/  4 | 407
    31302/  4 | 407
    31302/  4 | 407
    31302/  4 | 407
    31303/  4 | 407
    31303/  4 | 407
    31303/  4 | 407
    31303/  4 | 407
    31303/  4 | 407
    31304/  4 | 407
    31304/  4 | 407
    31304/  4 | 407
    31304/  4 | 407
    31304/  4 | 407
    31305/  4 | 407
    31305/  4 | 407
    31305/  4 | 407
    31305/  4 | 407
    31306/  4 | 407
    31306/  4 | 407
    31306/  4 | 407
    31306/  4 | 407
    31306/  4 | 407
    31307/  4 | 407
    31307/  4 | 407
    31307/  4 | 407
    31307/  4 | 407
    31307/  4 | 407
    31308/  4 | 407
    31308/  4 | 407
    31308/  4 | 407
    31308/  4 | 407
    31309/  4 | 407
    31309/  4 | 407
    31309/  4 | 407
    31309/  4 | 407
